【登录信息】
*3564172902f25fb9ecf1eb29ed4e176c*
`登陆天数: 2天 / 125天
等级: 31
石头: 15
呼符: 1
体力: 4538.966666666666 / 56
友情点: 20 / 104630`
*連続ログイン2日目
※ログインが途切れるか、7日到達すると
1日目から再開されます*
`聖晶石 X 1
1月交換券(2024) X 1
`*2024年お正月キャンペーン 10万リポスト達成プレゼント*
*開催期間中、初回ログインでお正月限定概念礼装&2024万QPをプレゼント！*
`ドラゴン・ダンス X 1
QP X 20240000
`_2024-01-03 19:38:06_
--------
*256860394d534a54b2af770326bf639d*
`登陆天数: 2天 / 149天
等级: 40
石头: 51
呼符: 4
体力: 1308.23 / 65
友情点: 0 / 192635`
*連続ログイン2日目
※ログインが途切れるか、7日到達すると
1日目から再開されます*
`聖晶石 X 1
1月交換券(2024) X 1
`*2024年お正月キャンペーン 10万リポスト達成プレゼント*
*開催期間中、初回ログインでお正月限定概念礼装&2024万QPをプレゼント！*
`ドラゴン・ダンス X 1
QP X 20240000
`_2024-01-03 19:38:14_
--------
