【登录信息】
*3564172902f25fb9ecf1eb29ed4e176c*
`登陆天数: 9天 / 132天
等级: 31
石头: 16
呼符: 1
体力: 6554.95 / 56
友情点: 10 / 104890`
*連続ログイン2日目
※ログインが途切れるか、7日到達すると
1日目から再開されます*
`聖晶石 X 1
1月交換券(2024) X 1
`*「FGO カルデア・サテライトステーション 2023-2024」宮崎会場開催直前 ログインボーナス*
*開催期間中、1日1回 最大3回 ログインボーナスをプレゼント！*
`黄金の果実 X 1
`_2024-01-10 19:38:01_
--------
*256860394d534a54b2af770326bf639d*
`登陆天数: 9天 / 156天
等级: 40
石头: 95
呼符: 4
体力: 3324.213333333333 / 65
友情点: 0 / 192635`
*連続ログイン2日目
※ログインが途切れるか、7日到達すると
1日目から再開されます*
`聖晶石 X 1
1月交換券(2024) X 1
`*「FGO カルデア・サテライトステーション 2023-2024」宮崎会場開催直前 ログインボーナス*
*開催期間中、1日1回 最大3回 ログインボーナスをプレゼント！*
`黄金の果実 X 1
`_2024-01-10 19:38:09_
--------
