【登录信息】
*3564172902f25fb9ecf1eb29ed4e176c*
`登陆天数: 10天 / 133天
等级: 31
石头: 16
呼符: 1
体力: 6842.953333333333 / 56
友情点: 40 / 104930`
*連続ログイン3日目
※ログインが途切れるか、7日到達すると
1日目から再開されます*
`叡智の業火 X 1
1月交換券(2024) X 1
`*「FGO カルデア・サテライトステーション 2023-2024」宮崎会場開催直前 ログインボーナス*
*開催期間中、1日1回 最大3回 ログインボーナスをプレゼント！*
`黄金の果実 X 1
`_2024-01-11 19:38:02_
--------
*256860394d534a54b2af770326bf639d*
`登陆天数: 10天 / 157天
等级: 40
石头: 95
呼符: 4
体力: 3612.22 / 65
友情点: 0 / 192635`
*連続ログイン3日目
※ログインが途切れるか、7日到達すると
1日目から再開されます*
`叡智の業火 X 1
1月交換券(2024) X 1
`*「FGO カルデア・サテライトステーション 2023-2024」宮崎会場開催直前 ログインボーナス*
*開催期間中、1日1回 最大3回 ログインボーナスをプレゼント！*
`黄金の果実 X 1
`_2024-01-11 19:38:10_
--------
