【登录信息】
*3564172902f25fb9ecf1eb29ed4e176c*
`登陆天数: 11天 / 134天
等级: 31
石头: 16
呼符: 1
体力: 7130.943333333334 / 56
友情点: 70 / 105000`
*連続ログイン4日目
※ログインが途切れるか、7日到達すると
1日目から再開されます*
`聖晶石 X 1
1月交換券(2024) X 1
`*「FGO カルデア・サテライトステーション 2023-2024」宮崎会場開催直前 ログインボーナス*
*開催期間中、1日1回 最大3回 ログインボーナスをプレゼント！*
`黄金の果実 X 1
`_2024-01-12 19:37:59_
--------
*256860394d534a54b2af770326bf639d*
`登陆天数: 11天 / 158天
等级: 40
石头: 100
呼符: 10
体力: 136.68666666666667 / 65
友情点: 0 / 194685`
*連続ログイン4日目
※ログインが途切れるか、7日到達すると
1日目から再開されます*
`聖晶石 X 1
1月交換券(2024) X 1
`*「FGO カルデア・サテライトステーション 2023-2024」宮崎会場開催直前 ログインボーナス*
*開催期間中、1日1回 最大3回 ログインボーナスをプレゼント！*
`黄金の果実 X 1
`_2024-01-12 19:38:07_
--------
