【登录信息】
*3564172902f25fb9ecf1eb29ed4e176c*
`登陆天数: 12天 / 135天
等级: 31
石头: 16
呼符: 1
体力: 7418.923333333333 / 56
友情点: 40 / 105060`
*連続ログイン5日目
※ログインが途切れるか、7日到達すると
1日目から再開されます*
`叡智の業火 X 2
1月交換券(2024) X 1
`*「FGO カルデア・サテライトステーション 2023-2024」宮崎会場開催記念 3万リポスト達成プレゼント*
*開催期間中、初回ログインで「聖晶石×6」をプレゼント！*
`聖晶石 X 6
`_2024-01-13 19:37:54_
--------
*256860394d534a54b2af770326bf639d*
`登陆天数: 12天 / 159天
等级: 40
石头: 100
呼符: 10
体力: 424.6666666666667 / 65
友情点: 0 / 194685`
*連続ログイン5日目
※ログインが途切れるか、7日到達すると
1日目から再開されます*
`叡智の業火 X 2
1月交換券(2024) X 1
`*「FGO カルデア・サテライトステーション 2023-2024」宮崎会場開催記念 3万リポスト達成プレゼント*
*開催期間中、初回ログインで「聖晶石×6」をプレゼント！*
`聖晶石 X 6
`_2024-01-13 19:38:02_
--------
