【登录信息】
*3564172902f25fb9ecf1eb29ed4e176c*
`登陆天数: 13天 / 136天
等级: 31
石头: 16
呼符: 1
体力: 7706.92 / 56
友情点: 50 / 105110`
*連続ログイン6日目
※ログインが途切れるか、7日到達すると
1日目から再開されます*
`聖晶石 X 2
1月交換券(2024) X 1
`*Fate/Samurai Remnant×Fate/Grand Order
コラボレーションイベント
開幕直前特別ログインボーナス*
*開催期間中、1日1回 最大7回ログインボーナスをプレゼント！*
`聖晶石 X 1
`_2024-01-14 19:37:52_
--------
*256860394d534a54b2af770326bf639d*
`登陆天数: 13天 / 160天
等级: 40
石头: 100
呼符: 10
体力: 712.66 / 65
友情点: 0 / 194685`
*連続ログイン6日目
※ログインが途切れるか、7日到達すると
1日目から再開されます*
`聖晶石 X 2
1月交換券(2024) X 1
`*Fate/Samurai Remnant×Fate/Grand Order
コラボレーションイベント
開幕直前特別ログインボーナス*
*開催期間中、1日1回 最大7回ログインボーナスをプレゼント！*
`聖晶石 X 1
`_2024-01-14 19:38:00_
--------
