【登录信息】
*3564172902f25fb9ecf1eb29ed4e176c*
`登陆天数: 14天 / 137天
等级: 31
石头: 54
呼符: 2
体力: 7994.933333333333 / 56
友情点: 10 / 107150`
*連続ログイン7日間到達おめでとうございます！
明日は1日目からリスタートされます。*
`獣の足跡 X 1
呼符 X 1
1月交換券(2024) X 1
`*Fate/Samurai Remnant×Fate/Grand Order
コラボレーションイベント
開幕直前特別ログインボーナス*
*開催期間中、1日1回 最大7回ログインボーナスをプレゼント！*
`QP X 2000000
聖晶石 X 1
`_2024-01-15 19:37:56_
--------
*256860394d534a54b2af770326bf639d*
`登陆天数: 14天 / 161天
等级: 40
石头: 100
呼符: 10
体力: 1000.6766666666666 / 65
友情点: 0 / 194685`
*連続ログイン7日間到達おめでとうございます！
明日は1日目からリスタートされます。*
`獣の足跡 X 1
呼符 X 1
1月交換券(2024) X 1
`*Fate/Samurai Remnant×Fate/Grand Order
コラボレーションイベント
開幕直前特別ログインボーナス*
*開催期間中、1日1回 最大7回ログインボーナスをプレゼント！*
`QP X 2000000
聖晶石 X 1
`_2024-01-15 19:38:04_
--------
