【登录信息】
*3564172902f25fb9ecf1eb29ed4e176c*
`登陆天数: 15天 / 138天
等级: 31
石头: 55
呼符: 3
体力: 8282.92 / 56
友情点: 10 / 107170`
*連続ログイン1日目
※ログインが途切れるか、7日到達すると
1日目から再開されます*
`フレンドポイント X 2000
1月交換券(2024) X 1
`*Fate/Samurai Remnant×Fate/Grand Order
コラボレーションイベント
開幕直前特別ログインボーナス*
*開催期間中、1日1回 最大7回ログインボーナスをプレゼント！*
`聖晶石 X 1
白銀の果実 X 1
`_2024-01-16 19:37:52_
--------
*256860394d534a54b2af770326bf639d*
`登陆天数: 15天 / 162天
等级: 40
石头: 121
呼符: 11
体力: 154.52666666666667 / 65
友情点: 0 / 194735`
*連続ログイン1日目
※ログインが途切れるか、7日到達すると
1日目から再開されます*
`フレンドポイント X 2000
1月交換券(2024) X 1
`*Fate/Samurai Remnant×Fate/Grand Order
コラボレーションイベント
開幕直前特別ログインボーナス*
*開催期間中、1日1回 最大7回ログインボーナスをプレゼント！*
`聖晶石 X 1
白銀の果実 X 1
`_2024-01-16 19:38:00_
--------
