【登录信息】
*3564172902f25fb9ecf1eb29ed4e176c*
`登陆天数: 16天 / 139天
等级: 31
石头: 26
呼符: 0
体力: 273.69666666666666 / 56
友情点: 0 / 109530`
*連続ログイン2日目
※ログインが途切れるか、7日到達すると
1日目から再開されます*
`聖晶石 X 1
1月交換券(2024) X 1
`*Fate/Samurai Remnant×Fate/Grand Order
コラボレーションイベント
開幕直前特別ログインボーナス*
*開催期間中、1日1回 最大7回ログインボーナスをプレゼント！*
`英霊結晶・星のフォウくん X 5
聖晶石 X 1
`_2024-01-17 19:37:55_
--------
*256860394d534a54b2af770326bf639d*
`登陆天数: 16天 / 163天
等级: 40
石头: 121
呼符: 11
体力: 442.54 / 65
友情点: 0 / 194735`
*連続ログイン2日目
※ログインが途切れるか、7日到達すると
1日目から再開されます*
`聖晶石 X 1
1月交換券(2024) X 1
`*Fate/Samurai Remnant×Fate/Grand Order
コラボレーションイベント
開幕直前特別ログインボーナス*
*開催期間中、1日1回 最大7回ログインボーナスをプレゼント！*
`英霊結晶・星のフォウくん X 5
聖晶石 X 1
`_2024-01-17 19:38:03_
--------
