【登录信息】
*3564172902f25fb9ecf1eb29ed4e176c*
`登陆天数: 17天 / 140天
等级: 31
石头: 4
呼符: 4
体力: 561.7166666666667 / 56
友情点: 0 / 109530`
*連続ログイン3日目
※ログインが途切れるか、7日到達すると
1日目から再開されます*
`叡智の業火 X 1
1月交換券(2024) X 1
`*Fate/Samurai Remnant×Fate/Grand Order
コラボレーションイベント
開幕直前特別ログインボーナス*
*開催期間中、1日1回 最大7回ログインボーナスをプレゼント！*
`英霊結晶・太陽のフォウくん X 5
聖晶石 X 1
`_2024-01-18 19:38:02_
--------
*256860394d534a54b2af770326bf639d*
`登陆天数: 17天 / 164天
等级: 40
石头: 129
呼符: 11
体力: 730.56 / 65
友情点: 0 / 196735`
*連続ログイン3日目
※ログインが途切れるか、7日到達すると
1日目から再開されます*
`叡智の業火 X 1
1月交換券(2024) X 1
`*Fate/Samurai Remnant×Fate/Grand Order
コラボレーションイベント
開幕直前特別ログインボーナス*
*開催期間中、1日1回 最大7回ログインボーナスをプレゼント！*
`英霊結晶・太陽のフォウくん X 5
聖晶石 X 1
`_2024-01-18 19:38:09_
--------
