【登录信息】
*3564172902f25fb9ecf1eb29ed4e176c*
`登陆天数: 18天 / 141天
等级: 31
石头: 5
呼符: 4
体力: 849.6433333333333 / 56
友情点: 60 / 109660`
*連続ログイン4日目
※ログインが途切れるか、7日到達すると
1日目から再開されます*
`聖晶石 X 1
1月交換券(2024) X 1
`*Fate/Samurai Remnant×Fate/Grand Order
コラボレーションイベント
開幕直前特別ログインボーナス*
*開催期間中、1日1回 最大7回ログインボーナスをプレゼント！*
`聖晶石 X 1
マナプリズム X 50
`_2024-01-19 19:37:39_
--------
*256860394d534a54b2af770326bf639d*
`登陆天数: 18天 / 165天
等级: 40
石头: 129
呼符: 11
体力: 1018.4866666666667 / 65
友情点: 0 / 196735`
*連続ログイン4日目
※ログインが途切れるか、7日到達すると
1日目から再開されます*
`聖晶石 X 1
1月交換券(2024) X 1
`*Fate/Samurai Remnant×Fate/Grand Order
コラボレーションイベント
開幕直前特別ログインボーナス*
*開催期間中、1日1回 最大7回ログインボーナスをプレゼント！*
`聖晶石 X 1
マナプリズム X 50
`_2024-01-19 19:37:47_
--------
