【登录信息】
*3564172902f25fb9ecf1eb29ed4e176c*
`登陆天数: 19天 / 142天
等级: 31
石头: 5
呼符: 4
体力: 1137.7333333333333 / 56
友情点: 50 / 109710`
*連続ログイン5日目
※ログインが途切れるか、7日到達すると
1日目から再開されます*
`叡智の業火 X 2
1月交換券(2024) X 1
`*盈月剣風帖開幕記念 ログインボーナス*
*開催期間中、1日1回 最大21回ログインボーナスをプレゼント！*
`白銀の果実 X 1
`_2024-01-20 19:38:07_
--------
*256860394d534a54b2af770326bf639d*
`登陆天数: 19天 / 166天
等级: 40
石头: 129
呼符: 11
体力: 1306.5766666666666 / 65
友情点: 0 / 196735`
*連続ログイン5日目
※ログインが途切れるか、7日到達すると
1日目から再開されます*
`叡智の業火 X 2
1月交換券(2024) X 1
`*盈月剣風帖開幕記念 ログインボーナス*
*開催期間中、1日1回 最大21回ログインボーナスをプレゼント！*
`白銀の果実 X 1
`_2024-01-20 19:38:15_
--------
