【登录信息】
*3564172902f25fb9ecf1eb29ed4e176c*
`登陆天数: 20天 / 143天
等级: 31
石头: 5
呼符: 4
体力: 1425.6433333333334 / 56
友情点: 0 / 109710`
*連続ログイン6日目
※ログインが途切れるか、7日到達すると
1日目から再開されます*
`聖晶石 X 2
1月交換券(2024) X 1
`*盈月剣風帖開幕記念 ログインボーナス*
*開催期間中、1日1回 最大21回ログインボーナスをプレゼント！*
`白銀の果実 X 1
`_2024-01-21 19:37:39_
--------
*256860394d534a54b2af770326bf639d*
`登陆天数: 20天 / 167天
等级: 42
石头: 137
呼符: 11
体力: 222.51333333333332 / 67
友情点: 0 / 197265`
*連続ログイン6日目
※ログインが途切れるか、7日到達すると
1日目から再開されます*
`聖晶石 X 2
1月交換券(2024) X 1
`*盈月剣風帖開幕記念 ログインボーナス*
*開催期間中、1日1回 最大21回ログインボーナスをプレゼント！*
`白銀の果実 X 1
`_2024-01-21 19:37:47_
--------
