【登录信息】
*3564172902f25fb9ecf1eb29ed4e176c*
`登陆天数: 21天 / 144天
等级: 31
石头: 5
呼符: 4
体力: 1713.7266666666667 / 56
友情点: 90 / 109800`
*連続ログイン7日間到達おめでとうございます！
明日は1日目からリスタートされます。*
`獣の足跡 X 1
呼符 X 1
1月交換券(2024) X 1
`*リリース3100日突破キャンペーン 初回ログインボーナス*
*開催期間中、初回ログインで「聖晶石×10」をプレゼント！*
`聖晶石 X 10
`_2024-01-22 19:38:05_
--------
*256860394d534a54b2af770326bf639d*
`登陆天数: 21天 / 168天
等级: 42
石头: 137
呼符: 11
体力: 510.5966666666667 / 67
友情点: 0 / 197265`
*連続ログイン7日間到達おめでとうございます！
明日は1日目からリスタートされます。*
`獣の足跡 X 1
呼符 X 1
1月交換券(2024) X 1
`*リリース3100日突破キャンペーン 初回ログインボーナス*
*開催期間中、初回ログインで「聖晶石×10」をプレゼント！*
`聖晶石 X 10
`_2024-01-22 19:38:13_
--------
