【登录信息】
*3564172902f25fb9ecf1eb29ed4e176c*
`登陆天数: 22天 / 145天
等级: 31
石头: 5
呼符: 4
体力: 2001.7233333333334 / 56
友情点: 80 / 109880`
*連続ログイン1日目
※ログインが途切れるか、7日到達すると
1日目から再開されます*
`フレンドポイント X 2000
1月交換券(2024) X 1
`*盈月剣風帖開幕記念 ログインボーナス*
*開催期間中、1日1回 最大21回ログインボーナスをプレゼント！*
`黄金の果実 X 1
`_2024-01-23 19:38:03_
--------
*256860394d534a54b2af770326bf639d*
`登陆天数: 22天 / 169天
等级: 42
石头: 137
呼符: 11
体力: 798.5933333333334 / 67
友情点: 0 / 197265`
*連続ログイン1日目
※ログインが途切れるか、7日到達すると
1日目から再開されます*
`フレンドポイント X 2000
1月交換券(2024) X 1
`*盈月剣風帖開幕記念 ログインボーナス*
*開催期間中、1日1回 最大21回ログインボーナスをプレゼント！*
`白銀の果実 X 1
`_2024-01-23 19:38:11_
--------
