【登录信息】
*3564172902f25fb9ecf1eb29ed4e176c*
`登陆天数: 23天 / 146天
等级: 31
石头: 19
呼符: 0
体力: 2289.7466666666664 / 56
友情点: 80 / 112030`
*連続ログイン2日目
※ログインが途切れるか、7日到達すると
1日目から再開されます*
`聖晶石 X 1
1月交換券(2024) X 1
`*盈月剣風帖開幕記念 ログインボーナス*
*開催期間中、1日1回 最大21回ログインボーナスをプレゼント！*
`白銀の果実 X 1
`_2024-01-24 19:38:10_
--------
*256860394d534a54b2af770326bf639d*
`登陆天数: 23天 / 170天
等级: 42
石头: 149
呼符: 12
体力: 60.36666666666667 / 67
友情点: 0 / 199265`
*連続ログイン2日目
※ログインが途切れるか、7日到達すると
1日目から再開されます*
`聖晶石 X 1
1月交換券(2024) X 1
`*盈月剣風帖開幕記念 ログインボーナス*
*開催期間中、1日1回 最大21回ログインボーナスをプレゼント！*
`黄金の果実 X 1
`_2024-01-24 19:38:18_
--------
