【登录信息】
*3564172902f25fb9ecf1eb29ed4e176c*
`登陆天数: 24天 / 147天
等级: 31
石头: 19
呼符: 0
体力: 2577.6766666666667 / 56
友情点: 130 / 112160`
*連続ログイン3日目
※ログインが途切れるか、7日到達すると
1日目から再開されます*
`叡智の業火 X 1
1月交換券(2024) X 1
`*盈月剣風帖開幕記念 ログインボーナス*
*開催期間中、1日1回 最大21回ログインボーナスをプレゼント！*
`白銀の果実 X 1
`_2024-01-25 19:37:50_
--------
*256860394d534a54b2af770326bf639d*
`登陆天数: 24天 / 171天
等级: 42
石头: 149
呼符: 12
体力: 348.2966666666667 / 67
友情点: 0 / 199265`
*連続ログイン3日目
※ログインが途切れるか、7日到達すると
1日目から再開されます*
`叡智の業火 X 1
1月交換券(2024) X 1
`*盈月剣風帖開幕記念 ログインボーナス*
*開催期間中、1日1回 最大21回ログインボーナスをプレゼント！*
`白銀の果実 X 1
`_2024-01-25 19:37:57_
--------
