【登录信息】
*3564172902f25fb9ecf1eb29ed4e176c*
`登陆天数: 25天 / 148天
等级: 31
石头: 20
呼符: 0
体力: 2865.6666666666665 / 56
友情点: 30 / 112260`
*連続ログイン4日目
※ログインが途切れるか、7日到達すると
1日目から再開されます*
`聖晶石 X 1
1月交換券(2024) X 1
`*盈月剣風帖開幕記念 ログインボーナス*
*開催期間中、1日1回 最大21回ログインボーナスをプレゼント！*
`白銀の果実 X 1
`_2024-01-26 19:37:46_
--------
*256860394d534a54b2af770326bf639d*
`登陆天数: 25天 / 172天
等级: 42
石头: 150
呼符: 12
体力: 636.2866666666666 / 67
友情点: 0 / 199265`
*連続ログイン4日目
※ログインが途切れるか、7日到達すると
1日目から再開されます*
`聖晶石 X 1
1月交換券(2024) X 1
`*盈月剣風帖開幕記念 ログインボーナス*
*開催期間中、1日1回 最大21回ログインボーナスをプレゼント！*
`白銀の果実 X 1
`_2024-01-26 19:37:54_
--------
