【登录信息】
*3564172902f25fb9ecf1eb29ed4e176c*
`登陆天数: 26天 / 149天
等级: 31
石头: 20
呼符: 0
体力: 3153.7 / 56
友情点: 90 / 112350`
*連続ログイン5日目
※ログインが途切れるか、7日到達すると
1日目から再開されます*
`叡智の業火 X 2
1月交換券(2024) X 1
`*盈月剣風帖開幕記念 ログインボーナス*
*開催期間中、1日1回 最大21回ログインボーナスをプレゼント！*
`白銀の果実 X 1
`_2024-01-27 19:37:56_
--------
*256860394d534a54b2af770326bf639d*
`登陆天数: 26天 / 173天
等级: 43
石头: 157
呼符: 12
体力: 63.43 / 68
友情点: 0 / 200515`
*連続ログイン5日目
※ログインが途切れるか、7日到達すると
1日目から再開されます*
`叡智の業火 X 2
1月交換券(2024) X 1
`*盈月剣風帖開幕記念 ログインボーナス*
*開催期間中、1日1回 最大21回ログインボーナスをプレゼント！*
`白銀の果実 X 1
`_2024-01-27 19:38:04_
--------
