【登录信息】
*3564172902f25fb9ecf1eb29ed4e176c*
`登陆天数: 27天 / 150天
等级: 31
石头: 20
呼符: 0
体力: 3441.68 / 56
友情点: 60 / 112410`
*連続ログイン6日目
※ログインが途切れるか、7日到達すると
1日目から再開されます*
`聖晶石 X 2
1月交換券(2024) X 1
`*盈月剣風帖開幕記念 ログインボーナス*
*開催期間中、1日1回 最大21回ログインボーナスをプレゼント！*
`白銀の果実 X 1
`_2024-01-28 19:37:50_
--------
*256860394d534a54b2af770326bf639d*
`登陆天数: 27天 / 174天
等级: 49
石头: 167
呼符: 13
体力: 79.99333333333334 / 74
友情点: 0 / 202815`
*連続ログイン6日目
※ログインが途切れるか、7日到達すると
1日目から再開されます*
`聖晶石 X 2
1月交換券(2024) X 1
`*盈月剣風帖開幕記念 ログインボーナス*
*開催期間中、1日1回 最大21回ログインボーナスをプレゼント！*
`白銀の果実 X 1
`_2024-01-28 19:37:58_
--------
