【登录信息】
*3564172902f25fb9ecf1eb29ed4e176c*
`登陆天数: 28天 / 151天
等级: 31
石头: 53
呼符: 0
体力: 3729.633333333333 / 56
友情点: 20 / 112490`
*連続ログイン7日間到達おめでとうございます！
明日は1日目からリスタートされます。*
`獣の足跡 X 1
呼符 X 1
1月交換券(2024) X 1
`*盈月剣風帖開幕記念 ログインボーナス*
*開催期間中、1日1回 最大21回ログインボーナスをプレゼント！*
`白銀の果実 X 1
`_2024-01-29 19:37:36_
--------
*256860394d534a54b2af770326bf639d*
`登陆天数: 28天 / 175天
等级: 59
石头: 185
呼符: 14
体力: 67.85 / 84
友情点: 0 / 203375`
*連続ログイン7日間到達おめでとうございます！
明日は1日目からリスタートされます。*
`獣の足跡 X 1
呼符 X 1
1月交換券(2024) X 1
`*盈月剣風帖開幕記念 ログインボーナス*
*開催期間中、1日1回 最大21回ログインボーナスをプレゼント！*
`白銀の果実 X 1
`_2024-01-29 19:37:44_
--------
