【登录信息】
*3564172902f25fb9ecf1eb29ed4e176c*
`登陆天数: 29天 / 152天
等级: 31
石头: 53
呼符: 1
体力: 4017.673333333333 / 56
友情点: 0 / 112560`
*連続ログイン1日目
※ログインが途切れるか、7日到達すると
1日目から再開されます*
`フレンドポイント X 2000
1月交換券(2024) X 1
`*「Fate/stay night」20周年記念特別ログインボーナス*
*開催期間中、1日1回 最大7回ログインボーナスをプレゼント！*
`叡智の猛火 X 20
`_2024-01-30 19:37:49_
--------
*256860394d534a54b2af770326bf639d*
`登陆天数: 29天 / 176天
等级: 59
石头: 185
呼符: 15
体力: 355.8933333333333 / 84
友情点: 0 / 203375`
*連続ログイン1日目
※ログインが途切れるか、7日到達すると
1日目から再開されます*
`フレンドポイント X 2000
1月交換券(2024) X 1
`*「Fate/stay night」20周年記念特別ログインボーナス*
*開催期間中、1日1回 最大7回ログインボーナスをプレゼント！*
`叡智の猛火 X 20
`_2024-01-30 19:37:56_
--------
