【登录信息】
*3564172902f25fb9ecf1eb29ed4e176c*
`登陆天数: 30天 / 153天
等级: 31
石头: 53
呼符: 1
体力: 4305.67 / 56
友情点: 30 / 112590`
*連続ログイン2日目
※ログインが途切れるか、7日到達すると
1日目から再開されます*
`聖晶石 X 1
2月交換券(2024) X 1
`*「Fate/stay night」20周年記念
7万リポスト達成プレゼント*
*開催期間中、初回ログインで「聖晶石×20」をプレゼント！*
`聖晶石 X 20
`_2024-01-31 19:37:47_
--------
*256860394d534a54b2af770326bf639d*
`登陆天数: 30天 / 177天
等级: 59
石头: 185
呼符: 15
体力: 643.89 / 84
友情点: 0 / 203375`
*連続ログイン2日目
※ログインが途切れるか、7日到達すると
1日目から再開されます*
`聖晶石 X 1
2月交換券(2024) X 1
`*「Fate/stay night」20周年記念
7万リポスト達成プレゼント*
*開催期間中、初回ログインで「聖晶石×20」をプレゼント！*
`聖晶石 X 20
`_2024-01-31 19:37:55_
--------
