【登录信息】
*3564172902f25fb9ecf1eb29ed4e176c*
`登陆天数: 31天 / 154天
等级: 31
石头: 14
呼符: 0
体力: 4593.64 / 56
友情点: 30 / 114750`
*連続ログイン3日目
※ログインが途切れるか、7日到達すると
1日目から再開されます*
`叡智の業火 X 1
2月交換券(2024) X 1
`*日替りログインボーナス*
*開催期間中、1日1回 2週間日替りでログインボーナスをプレゼント！*
`聖晶石 X 1
巡霊の葉 X 50
`_2024-02-01 19:37:39_
--------
*256860394d534a54b2af770326bf639d*
`登陆天数: 31天 / 178天
等级: 59
石头: 185
呼符: 15
体力: 931.86 / 84
友情点: 0 / 203375`
*連続ログイン3日目
※ログインが途切れるか、7日到達すると
1日目から再開されます*
`叡智の業火 X 1
2月交換券(2024) X 1
`*日替りログインボーナス*
*開催期間中、1日1回 2週間日替りでログインボーナスをプレゼント！*
`聖晶石 X 1
巡霊の葉 X 50
`_2024-02-01 19:37:47_
--------
