【登录信息】
*3564172902f25fb9ecf1eb29ed4e176c*
`登陆天数: 32天 / 155天
等级: 31
石头: 14
呼符: 0
体力: 4881.696666666667 / 56
友情点: 40 / 114790`
*連続ログイン4日目
※ログインが途切れるか、7日到達すると
1日目から再開されます*
`聖晶石 X 1
2月交換券(2024) X 1
`*日替りログインボーナス*
*開催期間中、1日1回 2週間日替りでログインボーナスをプレゼント！*
`巡霊の葉 X 30
`_2024-02-02 19:37:55_
--------
*256860394d534a54b2af770326bf639d*
`登陆天数: 32天 / 179天
等级: 59
石头: 227
呼符: 15
体力: 218.90333333333334 / 84
友情点: 0 / 205425`
*連続ログイン4日目
※ログインが途切れるか、7日到達すると
1日目から再開されます*
`聖晶石 X 1
2月交換券(2024) X 1
`*日替りログインボーナス*
*開催期間中、1日1回 2週間日替りでログインボーナスをプレゼント！*
`巡霊の葉 X 30
`_2024-02-02 19:38:03_
--------
