【登录信息】
*3564172902f25fb9ecf1eb29ed4e176c*
`登陆天数: 34天 / 157天
等级: 31
石头: 14
呼符: 0
体力: 5457.69 / 56
友情点: 110 / 114910`
*連続ログイン6日目
※ログインが途切れるか、7日到達すると
1日目から再開されます*
`聖晶石 X 2
2月交換券(2024) X 1
`*日替りログインボーナス*
*開催期間中、1日1回 2週間日替りでログインボーナスをプレゼント！*
`聖晶石 X 1
巡霊の葉 X 80
`_2024-02-04 19:37:53_
--------
*256860394d534a54b2af770326bf639d*
`登陆天数: 34天 / 181天
等级: 63
石头: 228
呼符: 15
体力: 99.76666666666667 / 88
友情点: 0 / 205495`
*連続ログイン6日目
※ログインが途切れるか、7日到達すると
1日目から再開されます*
`聖晶石 X 2
2月交換券(2024) X 1
`*日替りログインボーナス*
*開催期間中、1日1回 2週間日替りでログインボーナスをプレゼント！*
`聖晶石 X 1
巡霊の葉 X 80
`_2024-02-04 19:38:01_
--------
