【登录信息】
*3564172902f25fb9ecf1eb29ed4e176c*
`登陆天数: 35天 / 158天
等级: 31
石头: 14
呼符: 0
体力: 5745.69 / 56
友情点: 60 / 114990`
*連続ログイン7日間到達おめでとうございます！
明日は1日目からリスタートされます。*
`獣の足跡 X 1
呼符 X 1
2月交換券(2024) X 1
`*日替りログインボーナス*
*開催期間中、1日1回 2週間日替りでログインボーナスをプレゼント！*
`巡霊の葉 X 30
`_2024-02-05 19:37:53_
--------
*256860394d534a54b2af770326bf639d*
`登陆天数: 35天 / 182天
等级: 63
石头: 228
呼符: 15
体力: 387.76666666666665 / 88
友情点: 0 / 205495`
*連続ログイン7日間到達おめでとうございます！
明日は1日目からリスタートされます。*
`獣の足跡 X 1
呼符 X 1
2月交換券(2024) X 1
`*日替りログインボーナス*
*開催期間中、1日1回 2週間日替りでログインボーナスをプレゼント！*
`巡霊の葉 X 30
`_2024-02-05 19:38:01_
--------
