【登录信息】
*3564172902f25fb9ecf1eb29ed4e176c*
`登陆天数: 36天 / 159天
等级: 31
石头: 29
呼符: 1
体力: 6033.676666666666 / 56
友情点: 30 / 115040`
*連続ログイン1日目
※ログインが途切れるか、7日到達すると
1日目から再開されます*
`フレンドポイント X 2000
2月交換券(2024) X 1
`*日替りログインボーナス*
*開催期間中、1日1回 2週間日替りでログインボーナスをプレゼント！*
`巡霊の葉 X 30
`_2024-02-06 19:37:49_
--------
*256860394d534a54b2af770326bf639d*
`登陆天数: 36天 / 183天
等级: 63
石头: 228
呼符: 15
体力: 675.75 / 88
友情点: 0 / 205495`
*連続ログイン1日目
※ログインが途切れるか、7日到達すると
1日目から再開されます*
`フレンドポイント X 2000
2月交換券(2024) X 1
`*盈月剣風帖開幕記念 ログインボーナス*
*開催期間中、1日1回 最大21回ログインボーナスをプレゼント！*
`白銀の果実 X 1
`_2024-02-06 19:37:57_
--------
