【登录信息】
*3564172902f25fb9ecf1eb29ed4e176c*
`登陆天数: 37天 / 160天
等级: 31
石头: 29
呼符: 1
体力: 6321.673333333333 / 56
友情点: 20 / 117260`
*連続ログイン2日目
※ログインが途切れるか、7日到達すると
1日目から再開されます*
`聖晶石 X 1
2月交換券(2024) X 1
`*日替りログインボーナス*
*開催期間中、1日1回 2週間日替りでログインボーナスをプレゼント！*
`聖晶石 X 3
巡霊の葉 X 50
`_2024-02-07 19:37:49_
--------
*256860394d534a54b2af770326bf639d*
`登陆天数: 37天 / 184天
等级: 63
石头: 254
呼符: 16
体力: 138.31666666666666 / 88
友情点: 0 / 207505`
*連続ログイン2日目
※ログインが途切れるか、7日到達すると
1日目から再開されます*
`聖晶石 X 1
2月交換券(2024) X 1
`*日替りログインボーナス*
*開催期間中、1日1回 2週間日替りでログインボーナスをプレゼント！*
`聖晶石 X 3
巡霊の葉 X 50
`_2024-02-07 19:37:56_
--------
