【登录信息】
*3564172902f25fb9ecf1eb29ed4e176c*
`登陆天数: 38天 / 161天
等级: 31
石头: 29
呼符: 1
体力: 6609.676666666666 / 56
友情点: 220 / 117480`
*連続ログイン3日目
※ログインが途切れるか、7日到達すると
1日目から再開されます*
`叡智の業火 X 1
2月交換券(2024) X 1
`*日替りログインボーナス*
*開催期間中、1日1回 2週間日替りでログインボーナスをプレゼント！*
`聖晶石 X 1
巡霊の葉 X 50
`_2024-02-08 19:37:50_
--------
*256860394d534a54b2af770326bf639d*
`登陆天数: 38天 / 185天
等级: 63
石头: 261
呼符: 16
体力: 426.32 / 88
友情点: 0 / 207505`
*連続ログイン3日目
※ログインが途切れるか、7日到達すると
1日目から再開されます*
`叡智の業火 X 1
2月交換券(2024) X 1
`*日替りログインボーナス*
*開催期間中、1日1回 2週間日替りでログインボーナスをプレゼント！*
`聖晶石 X 1
巡霊の葉 X 50
`_2024-02-08 19:37:58_
--------
