【登录信息】
*3564172902f25fb9ecf1eb29ed4e176c*
`登陆天数: 40天 / 163天
等级: 31
石头: 29
呼符: 1
体力: 7185.706666666667 / 56
友情点: 180 / 117680`
*連続ログイン5日目
※ログインが途切れるか、7日到達すると
1日目から再開されます*
`叡智の業火 X 2
2月交換券(2024) X 1
`*日替りログインボーナス*
*開催期間中、1日1回 2週間日替りでログインボーナスをプレゼント！*
`巡霊の葉 X 30
`_2024-02-10 19:37:58_
--------
*256860394d534a54b2af770326bf639d*
`登陆天数: 40天 / 187天
等级: 63
石头: 273
呼符: 16
体力: 226.27666666666667 / 88
友情点: 0 / 207565`
*連続ログイン5日目
※ログインが途切れるか、7日到達すると
1日目から再開されます*
`叡智の業火 X 2
2月交換券(2024) X 1
`*日替りログインボーナス*
*開催期間中、1日1回 2週間日替りでログインボーナスをプレゼント！*
`巡霊の葉 X 30
`_2024-02-10 19:38:06_
--------
