【登录信息】
*3564172902f25fb9ecf1eb29ed4e176c*
`登陆天数: 41天 / 164天
等级: 31
石头: 29
呼符: 1
体力: 7473.67 / 56
友情点: 220 / 117900`
*連続ログイン6日目
※ログインが途切れるか、7日到達すると
1日目から再開されます*
`聖晶石 X 2
2月交換券(2024) X 1
`*「FGO カルデア・サテライトステーション 2023-2024」新潟会場開催記念 3万リポスト達成プレゼント*
*開催期間中、初回ログインで「聖晶石×6」をプレゼント！*
`聖晶石 X 6
`_2024-02-11 19:37:48_
--------
*256860394d534a54b2af770326bf639d*
`登陆天数: 41天 / 188天
等级: 63
石头: 273
呼符: 16
体力: 514.24 / 88
友情点: 0 / 207565`
*連続ログイン6日目
※ログインが途切れるか、7日到達すると
1日目から再開されます*
`聖晶石 X 2
2月交換券(2024) X 1
`*「FGO カルデア・サテライトステーション 2023-2024」新潟会場開催記念 3万リポスト達成プレゼント*
*開催期間中、初回ログインで「聖晶石×6」をプレゼント！*
`聖晶石 X 6
`_2024-02-11 19:37:56_
--------
