【登录信息】
*3564172902f25fb9ecf1eb29ed4e176c*
`登陆天数: 42天 / 165天
等级: 31
石头: 29
呼符: 1
体力: 7761.636666666666 / 56
友情点: 60 / 117960`
*連続ログイン7日間到達おめでとうございます！
明日は1日目からリスタートされます。*
`獣の足跡 X 1
呼符 X 1
2月交換券(2024) X 1
`*日替りログインボーナス*
*開催期間中、1日1回 2週間日替りでログインボーナスをプレゼント！*
`巡霊の葉 X 30
`_2024-02-12 19:37:38_
--------
*256860394d534a54b2af770326bf639d*
`登陆天数: 42天 / 189天
等级: 63
石头: 293
呼符: 16
体力: 189.43666666666667 / 88
友情点: 0 / 207670`
*連続ログイン7日間到達おめでとうございます！
明日は1日目からリスタートされます。*
`獣の足跡 X 1
呼符 X 1
2月交換券(2024) X 1
`*日替りログインボーナス*
*開催期間中、1日1回 2週間日替りでログインボーナスをプレゼント！*
`巡霊の葉 X 30
`_2024-02-12 19:37:46_
--------
