【登录信息】
*3564172902f25fb9ecf1eb29ed4e176c*
`登陆天数: 43天 / 166天
等级: 31
石头: 29
呼符: 1
体力: 8049.666666666667 / 56
友情点: 100 / 118060`
*連続ログイン1日目
※ログインが途切れるか、7日到達すると
1日目から再開されます*
`フレンドポイント X 2000
2月交換券(2024) X 1
`*バレンタイン2024
開幕直前特別ログインボーナス*
*開催期間中、1日1回 最大7回ログインボーナスをプレゼント！*
`マナプリズム X 50
`_2024-02-13 19:37:47_
--------
*256860394d534a54b2af770326bf639d*
`登陆天数: 43天 / 190天
等级: 63
石头: 293
呼符: 16
体力: 477.46666666666664 / 88
友情点: 0 / 207670`
*連続ログイン1日目
※ログインが途切れるか、7日到達すると
1日目から再開されます*
`フレンドポイント X 2000
2月交換券(2024) X 1
`*日替りログインボーナス*
*開催期間中、1日1回 2週間日替りでログインボーナスをプレゼント！*
`巡霊の葉 X 30
`_2024-02-13 19:37:54_
--------
