【登录信息】
*3564172902f25fb9ecf1eb29ed4e176c*
`登陆天数: 65天 / 68天
等级: 26
石头: 1
呼符: 0
体力: 2280.22 / 51
友情点: 80 / 61890`
*連続ログイン2日目
※ログインが途切れるか、7日到達すると
1日目から再開されます*
`聖晶石 X 1
11月交換券(2023) X 1
`*聖杯戦線 ～白天の城、黒夜の城～開幕記念 ログインボーナス*
*開催期間中、1日1回 最大21回ログインボーナスをプレゼント！*
`白銀の果実 X 1
`_2023-10-31 19:31:57_
--------
*256860394d534a54b2af770326bf639d*
`登陆天数: 64天 / 91天
等级: 35
石头: 17
呼符: 6
体力: 955.3333333333334 / 60
友情点: 0 / 175340`
*連続ログイン1日目
※ログインが途切れるか、7日到達すると
1日目から再開されます*
`フレンドポイント X 2000
11月交換券(2023) X 1
`*聖杯戦線 ～白天の城、黒夜の城～開幕記念 ログインボーナス*
*開催期間中、1日1回 最大21回ログインボーナスをプレゼント！*
`白銀の果実 X 1
`_2023-10-31 19:32:05_
--------
