【登录信息】
*3564172902f25fb9ecf1eb29ed4e176c*
`登陆天数: 66天 / 69天
等级: 28
石头: 15
呼符: 1
体力: 223.79333333333332 / 53
友情点: 70 / 64800`
*連続ログイン3日目
※ログインが途切れるか、7日到達すると
1日目から再開されます*
`叡智の業火 X 1
11月交換券(2023) X 1
`*聖杯戦線 ～白天の城、黒夜の城～開幕記念 ログインボーナス*
*開催期間中、1日1回 最大21回ログインボーナスをプレゼント！*
`黄金の果実 X 1
`_2023-11-01 19:31:55_
--------
*256860394d534a54b2af770326bf639d*
`登陆天数: 65天 / 92天
等级: 36
石头: 20
呼符: 12
体力: 102.66666666666666 / 61
友情点: 0 / 177465`
*連続ログイン2日目
※ログインが途切れるか、7日到達すると
1日目から再開されます*
`聖晶石 X 1
11月交換券(2023) X 1
`*聖杯戦線 ～白天の城、黒夜の城～開幕記念 ログインボーナス*
*開催期間中、1日1回 最大21回ログインボーナスをプレゼント！*
`黄金の果実 X 1
`_2023-11-01 19:32:03_
--------
