【登录信息】
*3564172902f25fb9ecf1eb29ed4e176c*
`登陆天数: 69天 / 72天
等级: 28
石头: 16
呼符: 1
体力: 1087.7666666666667 / 53
友情点: 130 / 65230`
*連続ログイン6日目
※ログインが途切れるか、7日到達すると
1日目から再開されます*
`聖晶石 X 2
11月交換券(2023) X 1
`*聖杯戦線 ～白天の城、黒夜の城～開幕記念 ログインボーナス*
*開催期間中、1日1回 最大21回ログインボーナスをプレゼント！*
`白銀の果実 X 1
`_2023-11-04 19:31:48_
--------
*256860394d534a54b2af770326bf639d*
`登陆天数: 68天 / 95天
等级: 37
石头: 3
呼符: 2
体力: 77.22 / 62
友情点: 0 / 177615`
*連続ログイン5日目
※ログインが途切れるか、7日到達すると
1日目から再開されます*
`叡智の業火 X 2
11月交換券(2023) X 1
`*聖杯戦線 ～白天の城、黒夜の城～開幕記念 ログインボーナス*
*開催期間中、1日1回 最大21回ログインボーナスをプレゼント！*
`白銀の果実 X 1
`_2023-11-04 19:31:56_
--------
