【登录信息】
*3564172902f25fb9ecf1eb29ed4e176c*
`登陆天数: 72天 / 75天
等级: 28
石头: 16
呼符: 1
体力: 1951.7133333333334 / 53
友情点: 170 / 66530`
*連続ログイン2日目
※ログインが途切れるか、7日到達すると
1日目から再開されます*
`聖晶石 X 1
11月交換券(2023) X 1
`*聖杯戦線 ～白天の城、黒夜の城～開幕記念 ログインボーナス*
*開催期間中、1日1回 最大21回ログインボーナスをプレゼント！*
`白銀の果実 X 1
`_2023-11-07 19:31:31_
--------
*256860394d534a54b2af770326bf639d*
`登陆天数: 71天 / 98天
等级: 37
石头: 8
呼符: 2
体力: 387.27 / 62
友情点: 0 / 177695`
*連続ログイン1日目
※ログインが途切れるか、7日到達すると
1日目から再開されます*
`フレンドポイント X 2000
11月交換券(2023) X 1
`*聖杯戦線 ～白天の城、黒夜の城～開幕記念 ログインボーナス*
*開催期間中、1日1回 最大21回ログインボーナスをプレゼント！*
`白銀の果実 X 1
`_2023-11-07 19:31:39_
--------
