【登录信息】
*3564172902f25fb9ecf1eb29ed4e176c*
`登陆天数: 73天 / 76天
等级: 28
石头: 16
呼符: 1
体力: 2239.7466666666664 / 53
友情点: 190 / 66720`
*連続ログイン3日目
※ログインが途切れるか、7日到達すると
1日目から再開されます*
`叡智の業火 X 1
11月交換券(2023) X 1
`*聖杯戦線 ～白天の城、黒夜の城～開幕記念 ログインボーナス*
*開催期間中、1日1回 最大21回ログインボーナスをプレゼント！*
`黄金の果実 X 1
`_2023-11-08 19:31:42_
--------
*256860394d534a54b2af770326bf639d*
`登陆天数: 72天 / 99天
等级: 37
石头: 8
呼符: 3
体力: 675.3033333333333 / 62
友情点: 0 / 179695`
*連続ログイン2日目
※ログインが途切れるか、7日到達すると
1日目から再開されます*
`聖晶石 X 1
11月交換券(2023) X 1
`*聖杯戦線 ～白天の城、黒夜の城～開幕記念 ログインボーナス*
*開催期間中、1日1回 最大21回ログインボーナスをプレゼント！*
`黄金の果実 X 1
`_2023-11-08 19:31:49_
--------
