【登录信息】
*3564172902f25fb9ecf1eb29ed4e176c*
`登陆天数: 78天 / 81天
等级: 28
石头: 2
呼符: 8
体力: 243.75 / 53
友情点: 220 / 70830`
*連続ログイン1日目
※ログインが途切れるか、7日到達すると
1日目から再開されます*
`フレンドポイント X 2000
11月交換券(2023) X 1
`*聖杯戦線 ～白天の城、黒夜の城～開幕記念 ログインボーナス*
*開催期間中、1日1回 最大21回ログインボーナスをプレゼント！*
`白銀の果実 X 1
`_2023-11-13 19:31:55_
--------
*256860394d534a54b2af770326bf639d*
`登陆天数: 77天 / 104天
等级: 37
石头: 11
呼符: 3
体力: 1259.53 / 62
友情点: 0 / 179735`
*連続ログイン7日間到達おめでとうございます！
明日は1日目からリスタートされます。*
`獣の足跡 X 1
呼符 X 1
11月交換券(2023) X 1
`*聖杯戦線 ～白天の城、黒夜の城～開幕記念 ログインボーナス*
*開催期間中、1日1回 最大21回ログインボーナスをプレゼント！*
`白銀の果実 X 1
`_2023-11-13 19:32:03_
--------
