【登录信息】
*3564172902f25fb9ecf1eb29ed4e176c*
`登陆天数: 79天 / 82天
等级: 28
石头: 3
呼符: 8
体力: 252.01333333333332 / 53
友情点: 230 / 73600`
*連続ログイン2日目
※ログインが途切れるか、7日到達すると
1日目から再開されます*
`聖晶石 X 1
11月交換券(2023) X 1
`*聖杯戦線 ～白天の城、黒夜の城～開幕記念 ログインボーナス*
*開催期間中、1日1回 最大21回ログインボーナスをプレゼント！*
`白銀の果実 X 1
`_2023-11-14 19:35:21_
--------
*256860394d534a54b2af770326bf639d*
`登陆天数: 78天 / 105天
等级: 37
石头: 11
呼符: 3
体力: 1548.2166666666667 / 62
友情点: 0 / 179735`
*連続ログイン1日目
※ログインが途切れるか、7日到達すると
1日目から再開されます*
`フレンドポイント X 2000
11月交換券(2023) X 1
`*聖杯戦線 ～白天の城、黒夜の城～開幕記念 ログインボーナス*
*開催期間中、1日1回 最大21回ログインボーナスをプレゼント！*
`白銀の果実 X 1
`_2023-11-14 19:35:29_
--------
