【登录信息】
*3564172902f25fb9ecf1eb29ed4e176c*
`登陆天数: 80天 / 83天
等级: 28
石头: 4
呼符: 8
体力: 539.38 / 53
友情点: 80 / 73900`
*連続ログイン3日目
※ログインが途切れるか、7日到達すると
1日目から再開されます*
`叡智の業火 X 1
11月交換券(2023) X 1
`*使用期限付コンティニューアイテムプレゼント！*
*開催期間中、初回ログインでコンティニューアイテム「霊脈石×3」をプレゼント！*
`霊脈石 X 3
`_2023-11-15 19:32:10_
--------
*256860394d534a54b2af770326bf639d*
`登陆天数: 79天 / 106天
等级: 37
石头: 14
呼符: 0
体力: 132.36333333333334 / 62
友情点: 0 / 181745`
*連続ログイン2日目
※ログインが途切れるか、7日到達すると
1日目から再開されます*
`聖晶石 X 1
11月交換券(2023) X 1
`_2023-11-15 19:32:18_
--------
