【登录信息】
*3564172902f25fb9ecf1eb29ed4e176c*
`登陆天数: 82天 / 85天
等级: 28
石头: 4
呼符: 8
体力: 1115.31 / 53
友情点: 100 / 74410`
*連続ログイン5日目
※ログインが途切れるか、7日到達すると
1日目から再開されます*
`叡智の業火 X 2
11月交換券(2023) X 1
`*2900万DL突破記念 特別回数ログインボーナス*
*開催期間中、1日1回 最大10回 回数ログインボーナスをプレゼント！*
`白銀の果実 X 10
`_2023-11-17 19:31:49_
--------
*256860394d534a54b2af770326bf639d*
`登陆天数: 81天 / 108天
等级: 37
石头: 14
呼符: 0
体力: 708.29 / 62
友情点: 0 / 181745`
*連続ログイン4日目
※ログインが途切れるか、7日到達すると
1日目から再開されます*
`聖晶石 X 1
11月交換券(2023) X 1
`*2900万DL突破記念 特別回数ログインボーナス*
*開催期間中、1日1回 最大10回 回数ログインボーナスをプレゼント！*
`白銀の果実 X 10
`_2023-11-17 19:31:57_
--------
