【登录信息】
*3564172902f25fb9ecf1eb29ed4e176c*
`登陆天数: 83天 / 86天
等级: 28
石头: 4
呼符: 8
体力: 1403.3166666666666 / 53
友情点: 330 / 74740`
*連続ログイン6日目
※ログインが途切れるか、7日到達すると
1日目から再開されます*
`聖晶石 X 2
11月交換券(2023) X 1
`*2900万DL突破記念 特別回数ログインボーナス*
*開催期間中、1日1回 最大10回 回数ログインボーナスをプレゼント！*
`マナプリズム X 100
黄金の果実 X 10
`_2023-11-18 19:31:52_
--------
*256860394d534a54b2af770326bf639d*
`登陆天数: 82天 / 109天
等级: 37
石头: 14
呼符: 0
体力: 996.3 / 62
友情点: 0 / 181745`
*連続ログイン5日目
※ログインが途切れるか、7日到達すると
1日目から再開されます*
`叡智の業火 X 2
11月交換券(2023) X 1
`*2900万DL突破記念 特別回数ログインボーナス*
*開催期間中、1日1回 最大10回 回数ログインボーナスをプレゼント！*
`マナプリズム X 100
黄金の果実 X 10
`_2023-11-18 19:31:59_
--------
