【登录信息】
*3564172902f25fb9ecf1eb29ed4e176c*
`登陆天数: 84天 / 87天
等级: 28
石头: 4
呼符: 8
体力: 1691.2833333333333 / 53
友情点: 60 / 74800`
*連続ログイン7日間到達おめでとうございます！
明日は1日目からリスタートされます。*
`獣の足跡 X 1
呼符 X 1
11月交換券(2023) X 1
`*2900万DL突破記念 特別回数ログインボーナス*
*開催期間中、1日1回 最大10回 回数ログインボーナスをプレゼント！*
`QP X 10000000
`_2023-11-19 19:31:42_
--------
*256860394d534a54b2af770326bf639d*
`登陆天数: 83天 / 110天
等级: 37
石头: 22
呼符: 0
体力: 253.52666666666667 / 62
友情点: 0 / 181775`
*連続ログイン6日目
※ログインが途切れるか、7日到達すると
1日目から再開されます*
`聖晶石 X 2
11月交換券(2023) X 1
`*2900万DL突破記念 特別回数ログインボーナス*
*開催期間中、1日1回 最大10回 回数ログインボーナスをプレゼント！*
`QP X 10000000
`_2023-11-19 19:31:49_
--------
