【登录信息】
*3564172902f25fb9ecf1eb29ed4e176c*
`登陆天数: 85天 / 88天
等级: 28
石头: 9
呼符: 0
体力: 1979.36 / 53
友情点: 50 / 75170`
*連続ログイン1日目
※ログインが途切れるか、7日到達すると
1日目から再開されます*
`フレンドポイント X 2000
11月交換券(2023) X 1
`*2900万DL突破記念 特別回数ログインボーナス*
*開催期間中、1日1回 最大10回 回数ログインボーナスをプレゼント！*
`叡智の業火 X 10
`_2023-11-20 19:32:04_
--------
*256860394d534a54b2af770326bf639d*
`登陆天数: 84天 / 111天
等级: 38
石头: 8
呼符: 1
体力: 122.56 / 63
友情点: 0 / 177905`
*連続ログイン7日間到達おめでとうございます！
明日は1日目からリスタートされます。*
`獣の足跡 X 1
呼符 X 1
11月交換券(2023) X 1
`*2900万DL突破記念 特別回数ログインボーナス*
*開催期間中、1日1回 最大10回 回数ログインボーナスをプレゼント！*
`叡智の業火 X 10
`_2023-11-20 19:32:13_
--------
