【登录信息】
*3564172902f25fb9ecf1eb29ed4e176c*
`登陆天数: 86天 / 89天
等级: 29
石头: 13
呼符: 0
体力: 237.00333333333333 / 54
友情点: 70 / 77570`
*連続ログイン2日目
※ログインが途切れるか、7日到達すると
1日目から再開されます*
`聖晶石 X 1
11月交換券(2023) X 1
`*2900万DL突破記念 特別回数ログインボーナス*
*開催期間中、1日1回 最大10回 回数ログインボーナスをプレゼント！*
`英霊結晶・星のフォウくん X 10
英霊結晶・太陽のフォウくん X 10
`_2023-11-21 19:31:45_
--------
*256860394d534a54b2af770326bf639d*
`登陆天数: 85天 / 112天
等级: 38
石头: 8
呼符: 1
体力: 410.49666666666667 / 63
友情点: 0 / 177905`
*連続ログイン1日目
※ログインが途切れるか、7日到達すると
1日目から再開されます*
`フレンドポイント X 2000
11月交換券(2023) X 1
`*2900万DL突破記念 特別回数ログインボーナス*
*開催期間中、1日1回 最大10回 回数ログインボーナスをプレゼント！*
`英霊結晶・星のフォウくん X 10
英霊結晶・太陽のフォウくん X 10
`_2023-11-21 19:31:53_
--------
