【登录信息】
*3564172902f25fb9ecf1eb29ed4e176c*
`登陆天数: 87天 / 90天
等级: 29
石头: 13
呼符: 0
体力: 524.9933333333333 / 54
友情点: 120 / 77690`
*連続ログイン3日目
※ログインが途切れるか、7日到達すると
1日目から再開されます*
`叡智の業火 X 1
11月交換券(2023) X 1
`*日替りログインボーナス*
*開催期間中、1日1回 2週間日替りでログインボーナスをプレゼント！*
`巡霊の葉 X 30
`_2023-11-22 19:31:42_
--------
*256860394d534a54b2af770326bf639d*
`登陆天数: 86天 / 113天
等级: 39
石头: 30
呼符: 2
体力: 67.46666666666667 / 64
友情点: 0 / 180215`
*連続ログイン2日目
※ログインが途切れるか、7日到達すると
1日目から再開されます*
`聖晶石 X 1
11月交換券(2023) X 1
`*日替りログインボーナス*
*開催期間中、1日1回 2週間日替りでログインボーナスをプレゼント！*
`巡霊の葉 X 30
`_2023-11-22 19:31:50_
--------
