【登录信息】
*3564172902f25fb9ecf1eb29ed4e176c*
`登陆天数: 88天 / 91天
等级: 29
石头: 7
呼符: 0
体力: 259.31 / 54
友情点: 30 / 78420`
*連続ログイン4日目
※ログインが途切れるか、7日到達すると
1日目から再開されます*
`聖晶石 X 1
11月交換券(2023) X 1
`*日替りログインボーナス*
*開催期間中、1日1回 2週間日替りでログインボーナスをプレゼント！*
`巡霊の葉 X 30
`_2023-11-23 19:31:34_
--------
*256860394d534a54b2af770326bf639d*
`登陆天数: 87天 / 114天
等级: 39
石头: 30
呼符: 2
体力: 355.4433333333333 / 64
友情点: 0 / 180215`
*連続ログイン3日目
※ログインが途切れるか、7日到達すると
1日目から再開されます*
`叡智の業火 X 1
11月交換券(2023) X 1
`*日替りログインボーナス*
*開催期間中、1日1回 2週間日替りでログインボーナスをプレゼント！*
`巡霊の葉 X 30
`_2023-11-23 19:31:42_
--------
