【登录信息】
*3564172902f25fb9ecf1eb29ed4e176c*
`登陆天数: 89天 / 92天
等级: 29
石头: 7
呼符: 0
体力: 547.3233333333333 / 54
友情点: 300 / 78720`
*連続ログイン5日目
※ログインが途切れるか、7日到達すると
1日目から再開されます*
`叡智の業火 X 2
11月交換券(2023) X 1
`*日替りログインボーナス*
*開催期間中、1日1回 2週間日替りでログインボーナスをプレゼント！*
`聖晶石 X 2
巡霊の葉 X 100
`_2023-11-24 19:31:39_
--------
*256860394d534a54b2af770326bf639d*
`登陆天数: 88天 / 115天
等级: 39
石头: 4
呼符: 0
体力: 102.45 / 64
友情点: 0 / 180315`
*連続ログイン4日目
※ログインが途切れるか、7日到達すると
1日目から再開されます*
`聖晶石 X 1
11月交換券(2023) X 1
`*日替りログインボーナス*
*開催期間中、1日1回 2週間日替りでログインボーナスをプレゼント！*
`聖晶石 X 2
巡霊の葉 X 100
`_2023-11-24 19:31:46_
--------
