【登录信息】
*3564172902f25fb9ecf1eb29ed4e176c*
`登陆天数: 90天 / 93天
等级: 29
石头: 7
呼符: 0
体力: 835.3333333333334 / 54
友情点: 190 / 79510`
*連続ログイン6日目
※ログインが途切れるか、7日到達すると
1日目から再開されます*
`聖晶石 X 2
11月交換券(2023) X 1
`*日替りログインボーナス*
*開催期間中、1日1回 2週間日替りでログインボーナスをプレゼント！*
`巡霊の葉 X 30
`_2023-11-25 19:31:42_
--------
*256860394d534a54b2af770326bf639d*
`登陆天数: 89天 / 116天
等级: 39
石头: 4
呼符: 0
体力: 390.46 / 64
友情点: 0 / 180315`
*連続ログイン5日目
※ログインが途切れるか、7日到達すると
1日目から再開されます*
`叡智の業火 X 2
11月交換券(2023) X 1
`*日替りログインボーナス*
*開催期間中、1日1回 2週間日替りでログインボーナスをプレゼント！*
`巡霊の葉 X 30
`_2023-11-25 19:31:50_
--------
