【登录信息】
*3564172902f25fb9ecf1eb29ed4e176c*
`登陆天数: 91天 / 94天
等级: 29
石头: 7
呼符: 0
体力: 1123.31 / 54
友情点: 180 / 79690`
*連続ログイン7日間到達おめでとうございます！
明日は1日目からリスタートされます。*
`獣の足跡 X 1
呼符 X 1
11月交換券(2023) X 1
`*日替りログインボーナス*
*開催期間中、1日1回 2週間日替りでログインボーナスをプレゼント！*
`巡霊の葉 X 30
`_2023-11-26 19:31:35_
--------
*256860394d534a54b2af770326bf639d*
`登陆天数: 90天 / 117天
等级: 39
石头: 4
呼符: 0
体力: 678.4366666666666 / 64
友情点: 0 / 180315`
*連続ログイン6日目
※ログインが途切れるか、7日到達すると
1日目から再開されます*
`聖晶石 X 2
11月交換券(2023) X 1
`*日替りログインボーナス*
*開催期間中、1日1回 2週間日替りでログインボーナスをプレゼント！*
`巡霊の葉 X 30
`_2023-11-26 19:31:42_
--------
