【登录信息】
*3564172902f25fb9ecf1eb29ed4e176c*
`登陆天数: 93天 / 96天
等级: 29
石头: 12
呼符: 1
体力: 1699.32 / 54
友情点: 90 / 79980`
*連続ログイン2日目
※ログインが途切れるか、7日到達すると
1日目から再開されます*
`聖晶石 X 1
11月交換券(2023) X 1
`*日替りログインボーナス*
*開催期間中、1日1回 2週間日替りでログインボーナスをプレゼント！*
`聖晶石 X 3
巡霊の葉 X 50
`_2023-11-28 19:31:37_
--------
*256860394d534a54b2af770326bf639d*
`登陆天数: 92天 / 119天
等级: 39
石头: 4
呼符: 0
体力: 1254.4466666666667 / 64
友情点: 0 / 180315`
*連続ログイン1日目
※ログインが途切れるか、7日到達すると
1日目から再開されます*
`フレンドポイント X 2000
11月交換券(2023) X 1
`*日替りログインボーナス*
*開催期間中、1日1回 2週間日替りでログインボーナスをプレゼント！*
`聖晶石 X 3
巡霊の葉 X 50
`_2023-11-28 19:31:45_
--------
