【登录信息】
*3564172902f25fb9ecf1eb29ed4e176c*
`登陆天数: 95天 / 98天
等级: 29
石头: 5
呼符: 1
体力: 2275.3633333333332 / 54
友情点: 20 / 82190`
*連続ログイン4日目
※ログインが途切れるか、7日到達すると
1日目から再開されます*
`聖晶石 X 1
12月交換券(2023) X 1
`*日替りログインボーナス*
*開催期間中、1日1回 2週間日替りでログインボーナスをプレゼント！*
`巡霊の葉 X 30
`_2023-11-30 19:31:51_
--------
*256860394d534a54b2af770326bf639d*
`登陆天数: 94天 / 121天
等级: 39
石头: 13
呼符: 0
体力: 406.2033333333333 / 64
友情点: 0 / 182335`
*連続ログイン3日目
※ログインが途切れるか、7日到達すると
1日目から再開されます*
`叡智の業火 X 1
12月交換券(2023) X 1
`*日替りログインボーナス*
*開催期間中、1日1回 2週間日替りでログインボーナスをプレゼント！*
`巡霊の葉 X 30
`_2023-11-30 19:31:58_
--------
