【登录信息】
*3564172902f25fb9ecf1eb29ed4e176c*
`登陆天数: 96天 / 99天
等级: 29
石头: 5
呼符: 1
体力: 2563.3366666666666 / 54
友情点: 40 / 82230`
*連続ログイン5日目
※ログインが途切れるか、7日到達すると
1日目から再開されます*
`叡智の業火 X 2
12月交換券(2023) X 1
`*日替りログインボーナス*
*開催期間中、1日1回 2週間日替りでログインボーナスをプレゼント！*
`聖晶石 X 2
巡霊の葉 X 100
`_2023-12-01 19:31:43_
--------
*256860394d534a54b2af770326bf639d*
`登陆天数: 95天 / 122天
等级: 39
石头: 13
呼符: 0
体力: 694.1766666666666 / 64
友情点: 0 / 182335`
*連続ログイン4日目
※ログインが途切れるか、7日到達すると
1日目から再開されます*
`聖晶石 X 1
12月交換券(2023) X 1
`*日替りログインボーナス*
*開催期間中、1日1回 2週間日替りでログインボーナスをプレゼント！*
`聖晶石 X 2
巡霊の葉 X 100
`_2023-12-01 19:31:50_
--------
