【登录信息】
*3564172902f25fb9ecf1eb29ed4e176c*
`登陆天数: 97天 / 100天
等级: 29
石头: 5
呼符: 1
体力: 2851.37 / 54
友情点: 110 / 82340`
*連続ログイン6日目
※ログインが途切れるか、7日到達すると
1日目から再開されます*
`聖晶石 X 2
12月交換券(2023) X 1
`*日替りログインボーナス*
*開催期間中、1日1回 2週間日替りでログインボーナスをプレゼント！*
`巡霊の葉 X 30
`_2023-12-02 19:31:53_
--------
*256860394d534a54b2af770326bf639d*
`登陆天数: 96天 / 123天
等级: 39
石头: 8
呼符: 0
体力: 76.53999999999999 / 64
友情点: 0 / 182405`
*連続ログイン5日目
※ログインが途切れるか、7日到達すると
1日目から再開されます*
`叡智の業火 X 2
12月交換券(2023) X 1
`*日替りログインボーナス*
*開催期間中、1日1回 2週間日替りでログインボーナスをプレゼント！*
`巡霊の葉 X 30
`_2023-12-02 19:32:01_
--------
