【登录信息】
*3564172902f25fb9ecf1eb29ed4e176c*
`登陆天数: 98天 / 101天
等级: 29
石头: 5
呼符: 1
体力: 3139.366666666667 / 54
友情点: 40 / 83380`
*連続ログイン7日間到達おめでとうございます！
明日は1日目からリスタートされます。*
`獣の足跡 X 1
呼符 X 1
12月交換券(2023) X 1
`*日替りログインボーナス*
*開催期間中、1日1回 2週間日替りでログインボーナスをプレゼント！*
`巡霊の葉 X 30
`_2023-12-03 19:31:52_
--------
*256860394d534a54b2af770326bf639d*
`登陆天数: 97天 / 124天
等级: 39
石头: 8
呼符: 0
体力: 364.5366666666667 / 64
友情点: 0 / 182405`
*連続ログイン6日目
※ログインが途切れるか、7日到達すると
1日目から再開されます*
`聖晶石 X 2
12月交換券(2023) X 1
`*日替りログインボーナス*
*開催期間中、1日1回 2週間日替りでログインボーナスをプレゼント！*
`巡霊の葉 X 30
`_2023-12-03 19:32:00_
--------
