【登录信息】
*3564172902f25fb9ecf1eb29ed4e176c*
`登陆天数: 99天 / 102天
等级: 29
石头: 5
呼符: 1
体力: 3427.33 / 54
友情点: 150 / 83530`
*連続ログイン1日目
※ログインが途切れるか、7日到達すると
1日目から再開されます*
`フレンドポイント X 2000
12月交換券(2023) X 1
`*日替りログインボーナス*
*開催期間中、1日1回 2週間日替りでログインボーナスをプレゼント！*
`巡霊の葉 X 30
`_2023-12-04 19:31:40_
--------
*256860394d534a54b2af770326bf639d*
`登陆天数: 98天 / 125天
等级: 39
石头: 10
呼符: 0
体力: 652.5 / 64
友情点: 0 / 182405`
*連続ログイン7日間到達おめでとうございます！
明日は1日目からリスタートされます。*
`獣の足跡 X 1
呼符 X 1
12月交換券(2023) X 1
`*日替りログインボーナス*
*開催期間中、1日1回 2週間日替りでログインボーナスをプレゼント！*
`巡霊の葉 X 30
`_2023-12-04 19:31:48_
--------
