【登录信息】
*3564172902f25fb9ecf1eb29ed4e176c*
`登陆天数: 100天 / 103天
等级: 29
石头: 40
呼符: 2
体力: 3715.326666666667 / 54
友情点: 70 / 86550`
*連続ログイン2日目
※ログインが途切れるか、7日到達すると
1日目から再開されます*
`聖晶石 X 1
12月交換券(2023) X 1
`*日替りログインボーナス*
*開催期間中、1日1回 2週間日替りでログインボーナスをプレゼント！*
`聖晶石 X 3
巡霊の葉 X 50
`_2023-12-05 19:31:40_
--------
*256860394d534a54b2af770326bf639d*
`登陆天数: 99天 / 126天
等级: 39
石头: 10
呼符: 1
体力: 123.52666666666667 / 64
友情点: 0 / 182415`
*連続ログイン1日目
※ログインが途切れるか、7日到達すると
1日目から再開されます*
`フレンドポイント X 2000
12月交換券(2023) X 1
`*日替りログインボーナス*
*開催期間中、1日1回 2週間日替りでログインボーナスをプレゼント！*
`聖晶石 X 3
巡霊の葉 X 50
`_2023-12-05 19:31:47_
--------
