【登录信息】
*3564172902f25fb9ecf1eb29ed4e176c*
`登陆天数: 106天 / 109天
等级: 29
石头: 40
呼符: 2
体力: 5443.343333333333 / 54
友情点: 140 / 87330`
*連続ログイン1日目
※ログインが途切れるか、7日到達すると
1日目から再開されます*
`フレンドポイント X 2000
12月交換券(2023) X 1
`*激走！川中島24時 ぐだぐだ超五稜郭 殺しのサインはM51
開幕記念 ログインボーナス*
*開催期間中、1日1回 最大21回ログインボーナスをプレゼント！*
`白銀の果実 X 1
`_2023-12-11 19:31:44_
--------
*256860394d534a54b2af770326bf639d*
`登陆天数: 105天 / 132天
等级: 40
石头: 18
呼符: 1
体力: 90.33666666666667 / 65
友情点: 0 / 184585`
*連続ログイン7日間到達おめでとうございます！
明日は1日目からリスタートされます。*
`獣の足跡 X 1
呼符 X 1
12月交換券(2023) X 1
`*激走！川中島24時 ぐだぐだ超五稜郭 殺しのサインはM51
開幕記念 ログインボーナス*
*開催期間中、1日1回 最大21回ログインボーナスをプレゼント！*
`白銀の果実 X 1
`_2023-12-11 19:31:52_
--------
