【登录信息】
*3564172902f25fb9ecf1eb29ed4e176c*
`登陆天数: 107天 / 110天
等级: 29
石头: 22
呼符: 0
体力: 249.94666666666666 / 54
友情点: 100 / 89680`
*連続ログイン2日目
※ログインが途切れるか、7日到達すると
1日目から再開されます*
`聖晶石 X 1
12月交換券(2023) X 1
`*激走！川中島24時 ぐだぐだ超五稜郭 殺しのサインはM51
開幕記念 ログインボーナス*
*開催期間中、1日1回 最大21回ログインボーナスをプレゼント！*
`白銀の果実 X 1
`_2023-12-12 19:31:55_
--------
*256860394d534a54b2af770326bf639d*
`登陆天数: 106天 / 133天
等级: 40
石头: 19
呼符: 2
体力: 105.44 / 65
友情点: 0 / 184635`
*連続ログイン1日目
※ログインが途切れるか、7日到達すると
1日目から再開されます*
`フレンドポイント X 2000
12月交換券(2023) X 1
`*激走！川中島24時 ぐだぐだ超五稜郭 殺しのサインはM51
開幕記念 ログインボーナス*
*開催期間中、1日1回 最大21回ログインボーナスをプレゼント！*
`黄金の果実 X 1
`_2023-12-12 19:32:02_
--------
