【登录信息】
*3564172902f25fb9ecf1eb29ed4e176c*
`登陆天数: 108天 / 111天
等级: 29
石头: 23
呼符: 0
体力: 537.8733333333333 / 54
友情点: 130 / 89900`
*連続ログイン3日目
※ログインが途切れるか、7日到達すると
1日目から再開されます*
`叡智の業火 X 1
12月交換券(2023) X 1
`*激走！川中島24時 ぐだぐだ超五稜郭 殺しのサインはM51
開幕記念 ログインボーナス*
*開催期間中、1日1回 最大21回ログインボーナスをプレゼント！*
`黄金の果実 X 1
`_2023-12-13 19:31:33_
--------
*256860394d534a54b2af770326bf639d*
`登陆天数: 107天 / 134天
等级: 40
石头: 19
呼符: 2
体力: 393.3666666666667 / 65
友情点: 0 / 184635`
*連続ログイン2日目
※ログインが途切れるか、7日到達すると
1日目から再開されます*
`聖晶石 X 1
12月交換券(2023) X 1
`*激走！川中島24時 ぐだぐだ超五稜郭 殺しのサインはM51
開幕記念 ログインボーナス*
*開催期間中、1日1回 最大21回ログインボーナスをプレゼント！*
`白銀の果実 X 1
`_2023-12-13 19:31:41_
--------
