【登录信息】
*3564172902f25fb9ecf1eb29ed4e176c*
`登陆天数: 115天 / 118天
等级: 31
石头: 6
呼符: 0
体力: 505.66333333333336 / 56
友情点: 0 / 87220`
*連続ログイン3日目
※ログインが途切れるか、7日到達すると
1日目から再開されます*
`叡智の業火 X 1
12月交換券(2023) X 1
`*雪原のメリー・クリスマス2023 ～7days / 8years Snow Carol～開幕記念 ログインボーナス*
*開催期間中、1日1回 最大10回ログインボーナスをプレゼント！*
`白銀の果実 X 1
`_2023-12-20 19:31:35_
--------
*256860394d534a54b2af770326bf639d*
`登陆天数: 114天 / 141天
等级: 40
石头: 2
呼符: 3
体力: 2409.3733333333334 / 65
友情点: 0 / 188635`
*連続ログイン2日目
※ログインが途切れるか、7日到達すると
1日目から再開されます*
`聖晶石 X 1
12月交換券(2023) X 1
`*雪原のメリー・クリスマス2023 ～7days / 8years Snow Carol～開幕記念 ログインボーナス*
*開催期間中、1日1回 最大10回ログインボーナスをプレゼント！*
`白銀の果実 X 1
`_2023-12-20 19:31:43_
--------
