【登录信息】
*3564172902f25fb9ecf1eb29ed4e176c*
`登陆天数: 118天 / 121天
等级: 31
石头: 7
呼符: 0
体力: 1369.6933333333334 / 56
友情点: 70 / 88210`
*連続ログイン6日目
※ログインが途切れるか、7日到達すると
1日目から再開されます*
`聖晶石 X 2
12月交換券(2023) X 1
`*雪原のメリー・クリスマス2023 ～7days / 8years Snow Carol～開幕記念 ログインボーナス*
*開催期間中、1日1回 最大10回ログインボーナスをプレゼント！*
`白銀の果実 X 1
`_2023-12-23 19:31:45_
--------
*256860394d534a54b2af770326bf639d*
`登陆天数: 117天 / 144天
等级: 40
石头: 4
呼符: 3
体力: 3273.4066666666668 / 65
友情点: 0 / 188635`
*連続ログイン5日目
※ログインが途切れるか、7日到達すると
1日目から再開されます*
`叡智の業火 X 2
12月交換券(2023) X 1
`*雪原のメリー・クリスマス2023 ～7days / 8years Snow Carol～開幕記念 ログインボーナス*
*開催期間中、1日1回 最大10回ログインボーナスをプレゼント！*
`白銀の果実 X 1
`_2023-12-23 19:31:52_
--------
