【登录信息】
*3564172902f25fb9ecf1eb29ed4e176c*
`登陆天数: 34天 / 37天
等级: 13
石头: 16
呼符: 4
体力: 3334.4866666666667 / 34
友情点: 80 / 44100`
*連続ログイン6日目
※ログインが途切れるか、7日到達すると
1日目から再開されます*
`聖晶石 X 2
10月交換券(2023) X 1
`_2023-09-30 19:31:37_
--------
*256860394d534a54b2af770326bf639d*
`登陆天数: 33天 / 60天
等级: 31
石头: 10
呼符: 1
体力: 4113.606666666667 / 56
友情点: 0 / 165145`
*連続ログイン5日目
※ログインが途切れるか、7日到達すると
1日目から再開されます*
`叡智の業火 X 2
10月交換券(2023) X 1
`*ワンジナ・ワールドツアー！ ～大精霊と巡る世界一周～開幕記念 ログインボーナス*
*開催期間中、1日1回 最大21回ログインボーナスをプレゼント！*
`白銀の果実 X 1
`_2023-09-30 19:31:45_
--------
