【登录信息】
*3564172902f25fb9ecf1eb29ed4e176c*
`登陆天数: 35天 / 38天
等级: 13
石头: 16
呼符: 4
体力: 3622.5333333333333 / 34
友情点: 20 / 44120`
*連続ログイン7日間到達おめでとうございます！
明日は1日目からリスタートされます。*
`獣の足跡 X 1
呼符 X 1
10月交換券(2023) X 1
`_2023-10-01 19:31:51_
--------
*256860394d534a54b2af770326bf639d*
`登陆天数: 34天 / 61天
等级: 31
石头: 10
呼符: 1
体力: 4401.653333333334 / 56
友情点: 0 / 165145`
*連続ログイン6日目
※ログインが途切れるか、7日到達すると
1日目から再開されます*
`聖晶石 X 2
10月交換券(2023) X 1
`*ワンジナ・ワールドツアー！ ～大精霊と巡る世界一周～開幕記念 ログインボーナス*
*開催期間中、1日1回 最大21回ログインボーナスをプレゼント！*
`白銀の果実 X 1
`_2023-10-01 19:31:59_
--------
