【登录信息】
*3564172902f25fb9ecf1eb29ed4e176c*
`登陆天数: 38天 / 41天
等级: 13
石头: 26
呼符: 5
体力: 4486.513333333333 / 34
友情点: 70 / 46350`
*連続ログイン3日目
※ログインが途切れるか、7日到達すると
1日目から再開されます*
`叡智の業火 X 1
10月交換券(2023) X 1
`*使用期限付コンティニューアイテムプレゼント！*
*開催期間中、初回ログインでコンティニューアイテム「霊脈石×3」をプレゼント！*
`霊脈石 X 3
`_2023-10-04 19:31:45_
--------
*256860394d534a54b2af770326bf639d*
`登陆天数: 37天 / 64天
等级: 31
石头: 10
呼符: 1
体力: 5265.633333333333 / 56
友情点: 0 / 165145`
*連続ログイン2日目
※ログインが途切れるか、7日到達すると
1日目から再開されます*
`聖晶石 X 1
10月交換券(2023) X 1
`*ワンジナ・ワールドツアー！ ～大精霊と巡る世界一周～開幕記念 ログインボーナス*
*開催期間中、1日1回 最大21回ログインボーナスをプレゼント！*
`黄金の果実 X 1
`_2023-10-04 19:31:52_
--------
