【登录信息】
*3564172902f25fb9ecf1eb29ed4e176c*
`登陆天数: 39天 / 42天
等级: 13
石头: 26
呼符: 5
体力: 4774.503333333333 / 34
友情点: 120 / 46470`
*連続ログイン4日目
※ログインが途切れるか、7日到達すると
1日目から再開されます*
`聖晶石 X 1
10月交換券(2023) X 1
`_2023-10-05 19:31:42_
--------
*256860394d534a54b2af770326bf639d*
`登陆天数: 38天 / 65天
等级: 31
石头: 13
呼符: 2
体力: 5553.62 / 56
友情点: 0 / 167145`
*連続ログイン3日目
※ログインが途切れるか、7日到達すると
1日目から再開されます*
`叡智の業火 X 1
10月交換券(2023) X 1
`*ワンジナ・ワールドツアー！ ～大精霊と巡る世界一周～開幕記念 ログインボーナス*
*開催期間中、1日1回 最大21回ログインボーナスをプレゼント！*
`白銀の果実 X 1
`_2023-10-05 19:31:49_
--------
