【登录信息】
*3564172902f25fb9ecf1eb29ed4e176c*
`登陆天数: 40天 / 43天
等级: 13
石头: 27
呼符: 5
体力: 5062.456666666667 / 34
友情点: 70 / 46730`
*連続ログイン5日目
※ログインが途切れるか、7日到達すると
1日目から再開されます*
`叡智の業火 X 2
10月交換券(2023) X 1
`_2023-10-06 19:31:28_
--------
*256860394d534a54b2af770326bf639d*
`登陆天数: 39天 / 66天
等级: 31
石头: 13
呼符: 2
体力: 5841.576666666667 / 56
友情点: 0 / 167145`
*連続ログイン4日目
※ログインが途切れるか、7日到達すると
1日目から再開されます*
`聖晶石 X 1
10月交換券(2023) X 1
`*ワンジナ・ワールドツアー！ ～大精霊と巡る世界一周～開幕記念 ログインボーナス*
*開催期間中、1日1回 最大21回ログインボーナスをプレゼント！*
`白銀の果実 X 1
`_2023-10-06 19:31:36_
--------
