【登录信息】
*3564172902f25fb9ecf1eb29ed4e176c*
`登陆天数: 45天 / 48天
等级: 13
石头: 0
呼符: 11
体力: 6502.496666666667 / 34
友情点: 60 / 51050`
*連続ログイン3日目
※ログインが途切れるか、7日到達すると
1日目から再開されます*
`叡智の業火 X 1
10月交換券(2023) X 1
`_2023-10-11 19:31:40_
--------
*256860394d534a54b2af770326bf639d*
`登陆天数: 44天 / 71天
等级: 31
石头: 13
呼符: 2
体力: 7281.616666666667 / 56
友情点: 0 / 167145`
*連続ログイン2日目
※ログインが途切れるか、7日到達すると
1日目から再開されます*
`聖晶石 X 1
10月交換券(2023) X 1
`*日替りログインボーナス*
*開催期間中、1日1回 2週間日替りでログインボーナスをプレゼント！*
`巡霊の葉 X 30
`_2023-10-11 19:31:48_
--------
