【登录信息】
*3564172902f25fb9ecf1eb29ed4e176c*
`登陆天数: 47天 / 50天
等级: 13
石头: 0
呼符: 11
体力: 7078.5233333333335 / 34
友情点: 20 / 52200`
*連続ログイン5日目
※ログインが途切れるか、7日到達すると
1日目から再開されます*
`叡智の業火 X 2
10月交換券(2023) X 1
`_2023-10-13 19:31:48_
--------
*256860394d534a54b2af770326bf639d*
`登陆天数: 46天 / 73天
等级: 31
石头: 13
呼符: 2
体力: 7857.643333333333 / 56
友情点: 0 / 167145`
*連続ログイン4日目
※ログインが途切れるか、7日到達すると
1日目から再開されます*
`聖晶石 X 1
10月交換券(2023) X 1
`*日替りログインボーナス*
*開催期間中、1日1回 2週間日替りでログインボーナスをプレゼント！*
`聖晶石 X 2
巡霊の葉 X 100
`_2023-10-13 19:31:56_
--------
