【登录信息】
*3564172902f25fb9ecf1eb29ed4e176c*
`登陆天数: 49天 / 52天
等级: 13
石头: 0
呼符: 11
体力: 7654.48 / 34
友情点: 20 / 52300`
*連続ログイン7日間到達おめでとうございます！
明日は1日目からリスタートされます。*
`獣の足跡 X 1
呼符 X 1
10月交換券(2023) X 1
`*【リリース3000日突破記念特別】
★4(SR)サーヴァント交換券プレゼント*
*開催期間中、初回ログインで「リリース3000日突破記念特別チケット」をプレゼント！*
`リリース3000日突破記念特別チケット X 1
`_2023-10-15 19:31:35_
--------
*256860394d534a54b2af770326bf639d*
`登陆天数: 48天 / 75天
等级: 31
石头: 67
呼符: 3
体力: 89.43 / 56
友情点: 0 / 169395`
*連続ログイン6日目
※ログインが途切れるか、7日到達すると
1日目から再開されます*
`聖晶石 X 2
10月交換券(2023) X 1
`*日替りログインボーナス*
*開催期間中、1日1回 2週間日替りでログインボーナスをプレゼント！*
`巡霊の葉 X 30
`_2023-10-15 19:31:42_
--------
