【登录信息】
*3564172902f25fb9ecf1eb29ed4e176c*
`登陆天数: 50天 / 53天
等级: 15
石头: 15
呼符: 13
体力: 192.52666666666667 / 38
友情点: 110 / 53720`
*連続ログイン1日目
※ログインが途切れるか、7日到達すると
1日目から再開されます*
`フレンドポイント X 2000
10月交換券(2023) X 1
`*日替りログインボーナス*
*開催期間中、1日1回 2週間日替りでログインボーナスをプレゼント！*
`巡霊の葉 X 30
`_2023-10-16 19:31:42_
--------
*256860394d534a54b2af770326bf639d*
`登陆天数: 49天 / 76天
等级: 34
石头: 100
呼符: 3
体力: 95.21333333333334 / 59
友情点: 0 / 170690`
*連続ログイン7日間到達おめでとうございます！
明日は1日目からリスタートされます。*
`獣の足跡 X 1
呼符 X 1
10月交換券(2023) X 1
`*日替りログインボーナス*
*開催期間中、1日1回 2週間日替りでログインボーナスをプレゼント！*
`巡霊の葉 X 30
`_2023-10-16 19:31:50_
--------
