【登录信息】
*3564172902f25fb9ecf1eb29ed4e176c*
`登陆天数: 51天 / 54天
等级: 15
石头: 15
呼符: 13
体力: 480.53 / 38
友情点: 0 / 53800`
*連続ログイン2日目
※ログインが途切れるか、7日到達すると
1日目から再開されます*
`聖晶石 X 1
10月交換券(2023) X 1
`*日替りログインボーナス*
*開催期間中、1日1回 2週間日替りでログインボーナスをプレゼント！*
`聖晶石 X 3
巡霊の葉 X 50
`_2023-10-17 19:31:44_
--------
*256860394d534a54b2af770326bf639d*
`登陆天数: 50天 / 77天
等级: 34
石头: 100
呼符: 3
体力: 383.21666666666664 / 59
友情点: 0 / 170690`
*連続ログイン1日目
※ログインが途切れるか、7日到達すると
1日目から再開されます*
`フレンドポイント X 2000
10月交換券(2023) X 1
`*日替りログインボーナス*
*開催期間中、1日1回 2週間日替りでログインボーナスをプレゼント！*
`聖晶石 X 3
巡霊の葉 X 50
`_2023-10-17 19:31:52_
--------
