【登录信息】
*3564172902f25fb9ecf1eb29ed4e176c*
`登陆天数: 53天 / 56天
等级: 22
石头: 8
呼符: 3
体力: 154.84333333333333 / 47
友情点: 30 / 58640`
*連続ログイン4日目
※ログインが途切れるか、7日到達すると
1日目から再開されます*
`聖晶石 X 1
10月交換券(2023) X 1
`*日替りログインボーナス*
*開催期間中、1日1回 2週間日替りでログインボーナスをプレゼント！*
`巡霊の葉 X 30
`_2023-10-19 19:32:02_
--------
*256860394d534a54b2af770326bf639d*
`登陆天数: 52天 / 79天
等级: 34
石头: 100
呼符: 3
体力: 959.2766666666666 / 59
友情点: 0 / 170690`
*連続ログイン3日目
※ログインが途切れるか、7日到達すると
1日目から再開されます*
`叡智の業火 X 1
10月交換券(2023) X 1
`*日替りログインボーナス*
*開催期間中、1日1回 2週間日替りでログインボーナスをプレゼント！*
`巡霊の葉 X 30
`_2023-10-19 19:32:10_
--------
