【登录信息】
*3564172902f25fb9ecf1eb29ed4e176c*
`登陆天数: 54天 / 57天
等级: 22
石头: 9
呼符: 3
体力: 442.83666666666664 / 47
友情点: 40 / 58980`
*連続ログイン5日目
※ログインが途切れるか、7日到達すると
1日目から再開されます*
`叡智の業火 X 2
10月交換券(2023) X 1
`*日替りログインボーナス*
*開催期間中、1日1回 2週間日替りでログインボーナスをプレゼント！*
`聖晶石 X 2
巡霊の葉 X 100
`_2023-10-20 19:32:00_
--------
*256860394d534a54b2af770326bf639d*
`登陆天数: 53天 / 80天
等级: 34
石头: 108
呼符: 4
体力: 1247.2666666666667 / 59
友情点: 0 / 172840`
*連続ログイン4日目
※ログインが途切れるか、7日到達すると
1日目から再開されます*
`聖晶石 X 1
10月交換券(2023) X 1
`*日替りログインボーナス*
*開催期間中、1日1回 2週間日替りでログインボーナスをプレゼント！*
`聖晶石 X 2
巡霊の葉 X 100
`_2023-10-20 19:32:07_
--------
