【登录信息】
*3564172902f25fb9ecf1eb29ed4e176c*
`登陆天数: 55天 / 58天
等级: 22
石头: 9
呼符: 3
体力: 730.7233333333334 / 47
友情点: 130 / 59110`
*連続ログイン6日目
※ログインが途切れるか、7日到達すると
1日目から再開されます*
`聖晶石 X 2
10月交換券(2023) X 1
`*【リリース3000日突破記念特別】
ログインボーナス*
*開催期間中、1日1回 最大7回 回数ログインボーナスをプレゼント！*
`黄金の果実 X 1
星見のティーポット X 3
`_2023-10-21 19:31:26_
--------
*256860394d534a54b2af770326bf639d*
`登陆天数: 54天 / 81天
等级: 34
石头: 116
呼符: 5
体力: 69.66666666666667 / 59
友情点: 0 / 172940`
*連続ログイン5日目
※ログインが途切れるか、7日到達すると
1日目から再開されます*
`叡智の業火 X 2
10月交換券(2023) X 1
`*日替りログインボーナス*
*開催期間中、1日1回 2週間日替りでログインボーナスをプレゼント！*
`巡霊の葉 X 30
`_2023-10-21 19:31:33_
--------
