【登录信息】
*3564172902f25fb9ecf1eb29ed4e176c*
`登陆天数: 56天 / 59天
等级: 22
石头: 9
呼符: 3
体力: 1018.79 / 47
友情点: 20 / 59140`
*連続ログイン7日間到達おめでとうございます！
明日は1日目からリスタートされます。*
`獣の足跡 X 1
呼符 X 1
10月交換券(2023) X 1
`*日替りログインボーナス*
*開催期間中、1日1回 2週間日替りでログインボーナスをプレゼント！*
`巡霊の葉 X 30
`_2023-10-22 19:31:46_
--------
*256860394d534a54b2af770326bf639d*
`登陆天数: 55天 / 82天
等级: 35
石头: 119
呼符: 5
体力: 166.06 / 60
友情点: 0 / 173090`
*連続ログイン6日目
※ログインが途切れるか、7日到達すると
1日目から再開されます*
`聖晶石 X 2
10月交換券(2023) X 1
`*日替りログインボーナス*
*開催期間中、1日1回 2週間日替りでログインボーナスをプレゼント！*
`巡霊の葉 X 30
`_2023-10-22 19:31:54_
--------
