【登录信息】
*3564172902f25fb9ecf1eb29ed4e176c*
`登陆天数: 57天 / 60天
等级: 23
石头: 5
呼符: 0
体力: 188.03666666666666 / 48
友情点: 80 / 59400`
*連続ログイン1日目
※ログインが途切れるか、7日到達すると
1日目から再開されます*
`フレンドポイント X 2000
10月交換券(2023) X 1
`*日替りログインボーナス*
*開催期間中、1日1回 2週間日替りでログインボーナスをプレゼント！*
`巡霊の葉 X 30
`_2023-10-23 19:32:00_
--------
*256860394d534a54b2af770326bf639d*
`登陆天数: 56天 / 83天
等级: 35
石头: 119
呼符: 5
体力: 454.1066666666667 / 60
友情点: 0 / 173090`
*連続ログイン7日間到達おめでとうございます！
明日は1日目からリスタートされます。*
`獣の足跡 X 1
呼符 X 1
10月交換券(2023) X 1
`*日替りログインボーナス*
*開催期間中、1日1回 2週間日替りでログインボーナスをプレゼント！*
`巡霊の葉 X 30
`_2023-10-23 19:32:08_
--------
