【登录信息】
*3564172902f25fb9ecf1eb29ed4e176c*
`登陆天数: 58天 / 61天
等级: 26
石头: 5
呼符: 0
体力: 264.17333333333335 / 51
友情点: 80 / 59760`
*連続ログイン2日目
※ログインが途切れるか、7日到達すると
1日目から再開されます*
`聖晶石 X 1
10月交換券(2023) X 1
`*日替りログインボーナス*
*開催期間中、1日1回 2週間日替りでログインボーナスをプレゼント！*
`聖晶石 X 3
巡霊の葉 X 50
`_2023-10-24 19:31:43_
--------
*256860394d534a54b2af770326bf639d*
`登陆天数: 57天 / 84天
等级: 35
石头: 119
呼符: 5
体力: 742.05 / 60
友情点: 0 / 173090`
*連続ログイン1日目
※ログインが途切れるか、7日到達すると
1日目から再開されます*
`フレンドポイント X 2000
10月交換券(2023) X 1
`*日替りログインボーナス*
*開催期間中、1日1回 2週間日替りでログインボーナスをプレゼント！*
`聖晶石 X 3
巡霊の葉 X 50
`_2023-10-24 19:31:51_
--------
