【登录信息】
*3564172902f25fb9ecf1eb29ed4e176c*
`登陆天数: 59天 / 62天
等级: 26
石头: 5
呼符: 0
体力: 552.19 / 51
友情点: 140 / 59900`
*連続ログイン3日目
※ログインが途切れるか、7日到達すると
1日目から再開されます*
`叡智の業火 X 1
10月交換券(2023) X 1
`*FGO カルデア放送局 ライト版 聖杯戦線 ～白天の城、黒夜の城～放送記念 初回ログインボーナス*
*開催期間中、初回ログインで「聖晶石×14」をプレゼント！*
`聖晶石 X 14
`_2023-10-25 19:31:48_
--------
*256860394d534a54b2af770326bf639d*
`登陆天数: 58天 / 85天
等级: 35
石头: 119
呼符: 5
体力: 1030.0700000000002 / 60
友情点: 0 / 173090`
*連続ログイン2日目
※ログインが途切れるか、7日到達すると
1日目から再開されます*
`聖晶石 X 1
10月交換券(2023) X 1
`*FGO カルデア放送局 ライト版 聖杯戦線 ～白天の城、黒夜の城～放送記念 初回ログインボーナス*
*開催期間中、初回ログインで「聖晶石×14」をプレゼント！*
`聖晶石 X 14
`_2023-10-25 19:31:56_
--------
