【登录信息】
*3564172902f25fb9ecf1eb29ed4e176c*
`登陆天数: 60天 / 63天
等级: 26
石头: 1
呼符: 0
体力: 840.17 / 51
友情点: 10 / 60040`
*連続ログイン4日目
※ログインが途切れるか、7日到達すると
1日目から再開されます*
`聖晶石 X 1
10月交換券(2023) X 1
`*聖杯戦線 ～白天の城、黒夜の城～開幕記念 ログインボーナス*
*開催期間中、1日1回 最大21回ログインボーナスをプレゼント！*
`白銀の果実 X 1
`_2023-10-26 19:31:43_
--------
*256860394d534a54b2af770326bf639d*
`登陆天数: 59天 / 86天
等级: 35
石头: 2
呼符: 6
体力: 1318.05 / 60
友情点: 0 / 175090`
*連続ログイン3日目
※ログインが途切れるか、7日到達すると
1日目から再開されます*
`叡智の業火 X 1
10月交換券(2023) X 1
`*聖杯戦線 ～白天の城、黒夜の城～開幕記念 ログインボーナス*
*開催期間中、1日1回 最大21回ログインボーナスをプレゼント！*
`白銀の果実 X 1
`_2023-10-26 19:31:51_
--------
