【登录信息】
*3564172902f25fb9ecf1eb29ed4e176c*
`登陆天数: 61天 / 64天
等级: 26
石头: 1
呼符: 0
体力: 1128.19 / 51
友情点: 50 / 60090`
*連続ログイン5日目
※ログインが途切れるか、7日到達すると
1日目から再開されます*
`叡智の業火 X 2
10月交換券(2023) X 1
`*聖杯戦線 ～白天の城、黒夜の城～開幕記念 ログインボーナス*
*開催期間中、1日1回 最大21回ログインボーナスをプレゼント！*
`白銀の果実 X 1
`_2023-10-27 19:31:48_
--------
*256860394d534a54b2af770326bf639d*
`登陆天数: 60天 / 87天
等级: 35
石头: 2
呼符: 6
体力: 1606.07 / 60
友情点: 0 / 175090`
*連続ログイン4日目
※ログインが途切れるか、7日到達すると
1日目から再開されます*
`聖晶石 X 1
10月交換券(2023) X 1
`*聖杯戦線 ～白天の城、黒夜の城～開幕記念 ログインボーナス*
*開催期間中、1日1回 最大21回ログインボーナスをプレゼント！*
`白銀の果実 X 1
`_2023-10-27 19:31:57_
--------
