【登录信息】
*3564172902f25fb9ecf1eb29ed4e176c*
`登陆天数: 62天 / 65天
等级: 26
石头: 1
呼符: 0
体力: 1416.23 / 51
友情点: 120 / 60210`
*連続ログイン6日目
※ログインが途切れるか、7日到達すると
1日目から再開されます*
`聖晶石 X 2
10月交換券(2023) X 1
`*聖杯戦線 ～白天の城、黒夜の城～開幕記念 ログインボーナス*
*開催期間中、1日1回 最大21回ログインボーナスをプレゼント！*
`白銀の果実 X 1
`_2023-10-28 19:32:00_
--------
*256860394d534a54b2af770326bf639d*
`登陆天数: 61天 / 88天
等级: 35
石头: 3
呼符: 6
体力: 91.34 / 60
友情点: 0 / 175140`
*連続ログイン5日目
※ログインが途切れるか、7日到達すると
1日目から再開されます*
`叡智の業火 X 2
10月交換券(2023) X 1
`*聖杯戦線 ～白天の城、黒夜の城～開幕記念 ログインボーナス*
*開催期間中、1日1回 最大21回ログインボーナスをプレゼント！*
`白銀の果実 X 1
`_2023-10-28 19:32:08_
--------
