【登录信息】
*3564172902f25fb9ecf1eb29ed4e176c*
`登陆天数: 63天 / 66天
等级: 26
石头: 1
呼符: 0
体力: 1704.1566666666668 / 51
友情点: 330 / 61340`
*連続ログイン7日間到達おめでとうございます！
明日は1日目からリスタートされます。*
`獣の足跡 X 1
呼符 X 1
10月交換券(2023) X 1
`*初回ログインボーナス*
*開催期間中、初回ログインボーナスをプレゼント！*
`聖晶石 X 10
`_2023-10-29 19:31:39_
--------
*256860394d534a54b2af770326bf639d*
`登陆天数: 62天 / 89天
等级: 35
石头: 4
呼符: 6
体力: 379.27 / 60
友情点: 0 / 175190`
*連続ログイン6日目
※ログインが途切れるか、7日到達すると
1日目から再開されます*
`聖晶石 X 2
10月交換券(2023) X 1
`*初回ログインボーナス*
*開催期間中、初回ログインボーナスをプレゼント！*
`聖晶石 X 10
`_2023-10-29 19:31:47_
--------
