【登录信息】
*3564172902f25fb9ecf1eb29ed4e176c*
`登陆天数: 4天 / 7天
等级: 4
石头: 73
呼符: 5
体力: 87427.16 / 23
友情点: 0 / 18260`
*連続ログイン4日目
※ログインが途切れるか、7日到達すると
1日目から再開されます*
`聖晶石 X 1
9月交換券(2023) X 1
`_2023-08-31 19:31:43_
--------
*256860394d534a54b2af770326bf639d*
`登陆天数: 3天 / 30天
等级: 30
石头: 10
呼符: 2
体力: 8446.99 / 55
友情点: 0 / 156445`
*連続ログイン3日目
※ログインが途切れるか、7日到達すると
1日目から再開されます*
`叡智の業火 X 1
9月交換券(2023) X 1
`*サーヴァント・サマー・フェスティバル2023！開幕記念 ログインボーナス*
*開催期間中、1日1回 最大21回ログインボーナスをプレゼント！*
`白銀の果実 X 1
`_2023-08-31 19:31:50_
--------
