【登录信息】
*3564172902f25fb9ecf1eb29ed4e176c*
`登陆天数: 5天 / 8天
等级: 4
石头: 1
呼符: 30
体力: 87715.13333333333 / 23
友情点: 0 / 24260`
*連続ログイン5日目
※ログインが途切れるか、7日到達すると
1日目から再開されます*
`叡智の業火 X 2
9月交換券(2023) X 1
`_2023-09-01 19:31:35_
--------
*256860394d534a54b2af770326bf639d*
`登陆天数: 4天 / 31天
等级: 30
石头: 10
呼符: 2
体力: 8734.96 / 55
友情点: 0 / 156445`
*連続ログイン4日目
※ログインが途切れるか、7日到達すると
1日目から再開されます*
`聖晶石 X 1
9月交換券(2023) X 1
`*ハンティングクエスト 第13弾
特別ログインボーナス*
*開催期間中、1日1回 最大7回ログインボーナスをプレゼント！*
`黄金の果実 X 1
`_2023-09-01 19:31:42_
--------
