【登录信息】
*3564172902f25fb9ecf1eb29ed4e176c*
`登陆天数: 8天 / 11天
等级: 7
石头: 27
呼符: 1
体力: 247.10666666666665 / 26
友情点: 0 / 30270`
*連続ログイン1日目
※ログインが途切れるか、7日到達すると
1日目から再開されます*
`フレンドポイント X 2000
9月交換券(2023) X 1
`_2023-09-04 19:32:04_
--------
*256860394d534a54b2af770326bf639d*
`登陆天数: 7天 / 34天
等级: 31
石头: 20
呼符: 2
体力: 394.2733333333333 / 56
友情点: 0 / 157055`
*連続ログイン7日間到達おめでとうございます！
明日は1日目からリスタートされます。*
`獣の足跡 X 1
呼符 X 1
9月交換券(2023) X 1
`*ハンティングクエスト 第13弾
特別ログインボーナス*
*開催期間中、1日1回 最大7回ログインボーナスをプレゼント！*
`黄金の果実 X 1
`_2023-09-04 19:32:12_
--------
