【登录信息】
*3564172902f25fb9ecf1eb29ed4e176c*
`登陆天数: 9天 / 12天
等级: 7
石头: 27
呼符: 1
体力: 535.0266666666666 / 26
友情点: 0 / 30270`
*連続ログイン2日目
※ログインが途切れるか、7日到達すると
1日目から再開されます*
`聖晶石 X 1
9月交換券(2023) X 1
`_2023-09-05 19:31:40_
--------
*256860394d534a54b2af770326bf639d*
`登陆天数: 8天 / 35天
等级: 31
石头: 20
呼符: 2
体力: 682.19 / 56
友情点: 0 / 157055`
*連続ログイン1日目
※ログインが途切れるか、7日到達すると
1日目から再開されます*
`フレンドポイント X 2000
9月交換券(2023) X 1
`*ハンティングクエスト 第13弾
特別ログインボーナス*
*開催期間中、1日1回 最大7回ログインボーナスをプレゼント！*
`黄金の果実 X 1
`_2023-09-05 19:31:48_
--------
