【登录信息】
*3564172902f25fb9ecf1eb29ed4e176c*
`登陆天数: 17天 / 20天
等级: 10
石头: 21
呼符: 2
体力: 795.5866666666667 / 31
友情点: 0 / 42290`
*連続ログイン3日目
※ログインが途切れるか、7日到達すると
1日目から再開されます*
`叡智の業火 X 1
9月交換券(2023) X 1
`_2023-09-13 19:31:57_
--------
*256860394d534a54b2af770326bf639d*
`登陆天数: 16天 / 43天
等级: 31
石头: 6
呼符: 6
体力: 1242.1266666666668 / 56
友情点: 0 / 161105`
*連続ログイン2日目
※ログインが途切れるか、7日到達すると
1日目から再開されます*
`聖晶石 X 1
9月交換券(2023) X 1
`*日替りログインボーナス*
*開催期間中、1日1回 2週間日替りでログインボーナスをプレゼント！*
`巡霊の葉 X 30
`_2023-09-13 19:32:05_
--------
