【登录信息】
*3564172902f25fb9ecf1eb29ed4e176c*
`登陆天数: 21天 / 24天
等级: 10
石头: 26
呼符: 2
体力: 1947.5466666666666 / 31
友情点: 0 / 42290`
*連続ログイン7日間到達おめでとうございます！
明日は1日目からリスタートされます。*
`獣の足跡 X 1
呼符 X 1
9月交換券(2023) X 1
`_2023-09-17 19:31:45_
--------
*256860394d534a54b2af770326bf639d*
`登陆天数: 20天 / 47天
等级: 31
石头: 13
呼符: 6
体力: 369.6333333333333 / 56
友情点: 0 / 161145`
*連続ログイン6日目
※ログインが途切れるか、7日到達すると
1日目から再開されます*
`聖晶石 X 2
9月交換券(2023) X 1
`*日替りログインボーナス*
*開催期間中、1日1回 2週間日替りでログインボーナスをプレゼント！*
`巡霊の葉 X 30
`_2023-09-17 19:31:53_
--------
