【登录信息】
*3564172902f25fb9ecf1eb29ed4e176c*
`登陆天数: 23天 / 26天
等级: 13
石头: 2
呼符: 3
体力: 166.54 / 34
友情点: 40 / 40980`
*連続ログイン2日目
※ログインが途切れるか、7日到達すると
1日目から再開されます*
`聖晶石 X 1
9月交換券(2023) X 1
`_2023-09-19 19:31:52_
--------
*256860394d534a54b2af770326bf639d*
`登陆天数: 22天 / 49天
等级: 31
石头: 25
呼符: 6
体力: 945.6566666666666 / 56
友情点: 0 / 161145`
*連続ログイン1日目
※ログインが途切れるか、7日到達すると
1日目から再開されます*
`フレンドポイント X 2000
9月交換券(2023) X 1
`*日替りログインボーナス*
*開催期間中、1日1回 2週間日替りでログインボーナスをプレゼント！*
`聖晶石 X 3
巡霊の葉 X 50
`_2023-09-19 19:32:00_
--------
