【登录信息】
*3564172902f25fb9ecf1eb29ed4e176c*
`登陆天数: 24天 / 27天
等级: 13
石头: 2
呼符: 3
体力: 454.5133333333333 / 34
友情点: 80 / 41060`
*連続ログイン3日目
※ログインが途切れるか、7日到達すると
1日目から再開されます*
`叡智の業火 X 1
9月交換券(2023) X 1
`_2023-09-20 19:31:45_
--------
*256860394d534a54b2af770326bf639d*
`登陆天数: 23天 / 50天
等级: 31
石头: 25
呼符: 6
体力: 1233.6333333333334 / 56
友情点: 0 / 161145`
*連続ログイン2日目
※ログインが途切れるか、7日到達すると
1日目から再開されます*
`聖晶石 X 1
9月交換券(2023) X 1
`*日替りログインボーナス*
*開催期間中、1日1回 2週間日替りでログインボーナスをプレゼント！*
`巡霊の葉 X 30
`_2023-09-20 19:31:52_
--------
