【登录信息】
*3564172902f25fb9ecf1eb29ed4e176c*
`登陆天数: 28天 / 31天
等级: 13
石头: 2
呼符: 3
体力: 1606.5166666666667 / 34
友情点: 110 / 41310`
*連続ログイン7日間到達おめでとうございます！
明日は1日目からリスタートされます。*
`獣の足跡 X 1
呼符 X 1
9月交換券(2023) X 1
`_2023-09-24 19:31:46_
--------
*256860394d534a54b2af770326bf639d*
`登陆天数: 27天 / 54天
等级: 31
石头: 3
呼符: 0
体力: 2385.6366666666668 / 56
友情点: 0 / 163145`
*連続ログイン6日目
※ログインが途切れるか、7日到達すると
1日目から再開されます*
`聖晶石 X 2
9月交換券(2023) X 1
`*日替りログインボーナス*
*開催期間中、1日1回 2週間日替りでログインボーナスをプレゼント！*
`巡霊の葉 X 30
`_2023-09-24 19:31:54_
--------
