【登录信息】
*3564172902f25fb9ecf1eb29ed4e176c*
`登陆天数: 30天 / 33天
等级: 13
石头: 16
呼符: 4
体力: 2182.5266666666666 / 34
友情点: 150 / 43920`
*連続ログイン2日目
※ログインが途切れるか、7日到達すると
1日目から再開されます*
`聖晶石 X 1
9月交換券(2023) X 1
`_2023-09-26 19:31:49_
--------
*256860394d534a54b2af770326bf639d*
`登陆天数: 29天 / 56天
等级: 31
石头: 5
呼符: 0
体力: 2961.6466666666665 / 56
友情点: 0 / 163145`
*連続ログイン1日目
※ログインが途切れるか、7日到達すると
1日目から再開されます*
`フレンドポイント X 2000
9月交換券(2023) X 1
`*日替りログインボーナス*
*開催期間中、1日1回 2週間日替りでログインボーナスをプレゼント！*
`聖晶石 X 3
巡霊の葉 X 50
`_2023-09-26 19:31:57_
--------
