【登录信息】
*3564172902f25fb9ecf1eb29ed4e176c*
`登陆天数: 32天 / 35天
等级: 13
石头: 16
呼符: 4
体力: 2758.7266666666665 / 34
友情点: 0 / 44010`
*連続ログイン4日目
※ログインが途切れるか、7日到達すると
1日目から再開されます*
`聖晶石 X 1
9月交換券(2023) X 1
`_2023-09-28 19:32:49_
--------
*256860394d534a54b2af770326bf639d*
`登陆天数: 31天 / 58天
等级: 31
石头: 5
呼符: 0
体力: 3537.846666666667 / 56
友情点: 0 / 163145`
*連続ログイン3日目
※ログインが途切れるか、7日到達すると
1日目から再開されます*
`叡智の業火 X 1
9月交換券(2023) X 1
`*「Fate/Samurai Remnant」発売記念 特別ログインボーナス*
*開催期間中、初回ログインで「限定概念礼装」をプレゼント！*
`Samurai Remnant X 1
`_2023-09-28 19:32:56_
--------
