【登录信息】
*3564172902f25fb9ecf1eb29ed4e176c*
`登陆天数: 33天 / 36天
等级: 13
石头: 16
呼符: 4
体力: 3046.5133333333333 / 34
友情点: 10 / 44020`
*連続ログイン5日目
※ログインが途切れるか、7日到達すると
1日目から再開されます*
`叡智の業火 X 2
9月交換券(2023) X 1
`_2023-09-29 19:31:45_
--------
*256860394d534a54b2af770326bf639d*
`登陆天数: 32天 / 59天
等级: 31
石头: 5
呼符: 0
体力: 3825.633333333333 / 56
友情点: 0 / 163145`
*連続ログイン4日目
※ログインが途切れるか、7日到達すると
1日目から再開されます*
`聖晶石 X 1
9月交換券(2023) X 1
`*ワンジナ・ワールドツアー！ ～大精霊と巡る世界一周～開幕記念 ログインボーナス*
*開催期間中、1日1回 最大21回ログインボーナスをプレゼント！*
`白銀の果実 X 1
`_2023-09-29 19:31:52_
--------
